{
  "RSpec": {
    "coverage": {
      "/home/lmafra/projects/SarradaHub/saturday_league_football/app/models/user.rb": {
        "lines": [
          null,
          null,
          1,
          1,
          null,
          null,
          null,
          1,
          null,
          null,
          null,
          1,
          null,
          null,
          1,
          null,
          null,
          1,
          null,
          null,
          1,
          0,
          null,
          null
        ],
        "branches": {}
      },
      "/home/lmafra/projects/SarradaHub/saturday_league_football/app/models/application_record.rb": {
        "lines": [
          null,
          null,
          1,
          1,
          null
        ],
        "branches": {}
      },
      "/home/lmafra/projects/SarradaHub/saturday_league_football/app/models/concerns/soft_deletable.rb": {
        "lines": [
          null,
          null,
          1,
          1,
          null,
          1,
          null,
          9,
          null,
          null,
          9,
          null,
          null,
          9,
          null,
          null,
          9,
          9,
          null,
          null,
          null,
          1,
          0,
          null,
          null,
          null,
          1,
          0,
          null,
          null,
          null,
          0,
          0,
          null,
          null,
          null,
          1,
          0,
          null,
          null,
          null,
          0,
          0,
          null,
          null,
          null,
          1,
          0,
          null,
          0,
          0,
          0,
          null,
          0,
          null,
          null,
          null,
          null,
          1,
          0,
          null,
          0,
          null,
          null,
          null,
          0,
          0,
          null,
          0,
          null,
          0,
          null,
          null,
          0,
          null,
          null,
          null,
          1,
          null,
          null,
          1,
          0,
          0,
          null,
          0,
          0,
          null,
          null,
          0,
          0,
          null,
          null,
          0,
          0,
          null,
          0,
          null,
          null,
          0,
          null,
          0,
          null,
          null,
          0,
          null,
          0,
          null,
          0,
          null,
          null,
          null,
          0,
          null,
          null,
          0,
          null,
          null,
          0,
          null,
          null,
          null,
          null,
          null,
          null,
          1,
          null,
          0,
          0,
          null,
          null,
          null,
          1,
          0,
          0,
          null,
          0,
          null,
          null
        ],
        "branches": {
          "[:if, 0, 28, 4, 28, 28]": {
            "[:then, 1, 28, 4, 28, 16]": 0,
            "[:else, 2, 28, 4, 28, 28]": 0
          },
          "[:if, 3, 32, 4, 32, 67]": {
            "[:then, 4, 32, 4, 32, 36]": 0,
            "[:else, 5, 32, 4, 32, 67]": 0
          },
          "[:unless, 6, 38, 4, 38, 32]": {
            "[:else, 7, 38, 4, 38, 32]": 0,
            "[:then, 8, 38, 4, 38, 16]": 0
          },
          "[:if, 9, 42, 4, 42, 68]": {
            "[:then, 10, 42, 4, 42, 37]": 0,
            "[:else, 11, 42, 4, 42, 68]": 0
          },
          "[:if, 12, 48, 4, 48, 28]": {
            "[:then, 13, 48, 4, 48, 16]": 0,
            "[:else, 14, 48, 4, 48, 28]": 0
          },
          "[:if, 15, 54, 6, 54, 27]": {
            "[:then, 16, 54, 15, 54, 19]": 0,
            "[:else, 17, 54, 22, 54, 27]": 0
          },
          "[:unless, 18, 83, 6, 83, 61]": {
            "[:else, 19, 83, 6, 83, 61]": 0,
            "[:then, 20, 83, 6, 83, 10]": 0
          },
          "[:unless, 21, 86, 6, 86, 47]": {
            "[:else, 22, 86, 6, 86, 47]": 0,
            "[:then, 23, 86, 6, 86, 10]": 0
          },
          "[:if, 24, 93, 6, 97, 9]": {
            "[:then, 25, 94, 8, 94, 54]": 0,
            "[:else, 26, 96, 8, 96, 41]": 0
          },
          "[:if, 27, 99, 6, 99, 38]": {
            "[:then, 28, 99, 6, 99, 10]": 0,
            "[:else, 29, 99, 6, 99, 38]": 0
          },
          "[:if, 30, 101, 6, 120, 9]": {
            "[:then, 31, 104, 8, 109, 11]": 0,
            "[:else, 32, 112, 8, 119, 11]": 0
          },
          "[:if, 33, 106, 10, 106, 35]": {
            "[:then, 34, 106, 10, 106, 14]": 0,
            "[:else, 35, 106, 10, 106, 35]": 0
          },
          "[:if, 36, 112, 8, 119, 11]": {
            "[:then, 37, 115, 10, 115, 39]": 0,
            "[:else, 38, 118, 10, 118, 38]": 0
          },
          "[:\"&.\", 39, 134, 24, 134, 40]": {
            "[:then, 40, 134, 24, 134, 40]": 0,
            "[:else, 41, 134, 24, 134, 40]": 0
          },
          "[:unless, 42, 134, 4, 134, 40]": {
            "[:else, 43, 134, 4, 134, 40]": 0,
            "[:then, 44, 134, 4, 134, 16]": 0
          }
        }
      },
      "/home/lmafra/projects/SarradaHub/saturday_league_football/lib/circuit_breaker_service.rb": {
        "lines": [
          1,
          1,
          1,
          1,
          null,
          1,
          1,
          1,
          null,
          0,
          null,
          0,
          null,
          0,
          null,
          null,
          null,
          null,
          null,
          null,
          null,
          null,
          0,
          0,
          0,
          null,
          null,
          null,
          null,
          null,
          null,
          0,
          null,
          null,
          null,
          1,
          0,
          0,
          null,
          null,
          0,
          0,
          null,
          0,
          0,
          null,
          0,
          0,
          0,
          null,
          null,
          null,
          null
        ],
        "branches": {
          "[:unless, 0, 12, 6, 12, 27]": {
            "[:else, 1, 12, 6, 12, 27]": 0,
            "[:then, 2, 12, 6, 12, 16]": 0
          },
          "[:unless, 3, 38, 6, 38, 75]": {
            "[:else, 4, 38, 6, 38, 75]": 0,
            "[:then, 5, 38, 6, 38, 61]": 0
          },
          "[:if, 6, 49, 47, 49, 89]": {
            "[:then, 7, 49, 62, 49, 84]": 0,
            "[:else, 8, 49, 87, 49, 89]": 0
          }
        }
      },
      "/home/lmafra/projects/SarradaHub/saturday_league_football/lib/consul_service.rb": {
        "lines": [
          1,
          null,
          1,
          1,
          1,
          0,
          null,
          0,
          0,
          0,
          null,
          0,
          0,
          null,
          null,
          null,
          0,
          null,
          null,
          null,
          null,
          null,
          null,
          null,
          null,
          null,
          null,
          null,
          null,
          0,
          0,
          null,
          0,
          null,
          null,
          1,
          0,
          null,
          0,
          0,
          null,
          0,
          null,
          null,
          1,
          0,
          null,
          0,
          0,
          null,
          null,
          0,
          0,
          null,
          0,
          0,
          null,
          null,
          1,
          null,
          1,
          0,
          null,
          null,
          1,
          0,
          null,
          null,
          null
        ],
        "branches": {
          "[:unless, 0, 6, 6, 6, 35]": {
            "[:else, 1, 6, 6, 6, 35]": 0,
            "[:then, 2, 6, 6, 6, 12]": 0
          },
          "[:unless, 3, 37, 6, 37, 35]": {
            "[:else, 4, 37, 6, 37, 35]": 0,
            "[:then, 5, 37, 6, 37, 12]": 0
          },
          "[:unless, 6, 46, 6, 46, 39]": {
            "[:else, 7, 46, 6, 46, 39]": 0,
            "[:then, 8, 46, 6, 46, 16]": 0
          },
          "[:if, 9, 49, 6, 49, 35]": {
            "[:then, 10, 49, 6, 49, 16]": 0,
            "[:else, 11, 49, 6, 49, 35]": 0
          }
        }
      },
      "/home/lmafra/projects/SarradaHub/saturday_league_football/lib/identity_service_client.rb": {
        "lines": [
          1,
          1,
          null,
          1,
          1,
          1,
          0,
          null,
          0,
          0,
          null,
          0,
          null,
          null,
          null,
          null,
          null,
          null,
          null,
          0,
          null,
          0,
          null,
          null,
          null,
          0,
          null,
          null,
          0,
          0,
          null,
          null,
          1,
          0,
          0,
          null,
          0,
          null,
          null,
          null,
          null,
          null,
          null,
          0,
          null,
          0,
          0,
          null,
          null,
          1,
          null,
          1,
          0,
          null,
          null,
          1,
          0,
          null,
          null,
          null
        ],
        "branches": {
          "[:if, 0, 7, 6, 7, 70]": {
            "[:then, 1, 7, 6, 7, 54]": 0,
            "[:else, 2, 7, 6, 7, 70]": 0
          },
          "[:if, 3, 10, 6, 10, 102]": {
            "[:then, 4, 10, 6, 10, 71]": 0,
            "[:else, 5, 10, 6, 10, 102]": 0
          },
          "[:if, 6, 20, 6, 27, 9]": {
            "[:then, 7, 21, 8, 24, 9]": 0,
            "[:else, 8, 26, 8, 26, 78]": 0
          },
          "[:if, 9, 35, 6, 35, 47]": {
            "[:then, 10, 35, 6, 35, 16]": 0,
            "[:else, 11, 35, 6, 35, 47]": 0
          },
          "[:if, 12, 44, 6, 44, 56]": {
            "[:then, 13, 44, 27, 44, 50]": 0,
            "[:else, 14, 44, 6, 44, 56]": 0
          }
        }
      },
      "/home/lmafra/projects/SarradaHub/saturday_league_football/app/services/application_service.rb": {
        "lines": [
          null,
          null,
          1,
          1,
          0,
          null,
          null
        ],
        "branches": {}
      },
      "/home/lmafra/projects/SarradaHub/saturday_league_football/app/services/championships/championship_statistics.rb": {
        "lines": [
          null,
          null,
          1,
          1,
          1,
          0,
          null,
          null,
          1,
          0,
          0,
          0,
          0,
          null,
          0,
          null,
          0,
          0,
          null,
          0,
          0,
          0,
          0,
          null,
          0,
          null,
          0,
          null,
          null,
          null,
          null,
          null,
          null,
          null,
          null,
          null,
          null,
          null,
          null,
          null,
          null,
          null,
          0,
          null,
          null,
          1,
          null,
          1,
          null,
          1,
          0,
          0,
          0,
          null,
          0,
          0,
          0,
          null,
          0,
          0,
          0,
          0,
          null,
          0,
          null,
          null,
          null,
          0,
          null,
          null,
          null
        ],
        "branches": {
          "[:if, 0, 15, 6, 15, 56]": {
            "[:then, 1, 15, 6, 15, 15]": 0,
            "[:else, 2, 15, 6, 15, 56]": 0
          },
          "[:unless, 3, 57, 8, 57, 24]": {
            "[:else, 4, 57, 8, 57, 24]": 0,
            "[:then, 5, 57, 8, 57, 12]": 0
          },
          "[:if, 6, 59, 8, 65, 11]": {
            "[:then, 7, 60, 10, 60, 20]": 0,
            "[:else, 8, 61, 8, 64, 21]": 0
          },
          "[:if, 9, 61, 8, 64, 21]": {
            "[:then, 10, 62, 10, 62, 19]": 0,
            "[:else, 11, 64, 10, 64, 21]": 0
          }
        }
      },
      "/home/lmafra/projects/SarradaHub/saturday_league_football/app/services/championships/update_players_count.rb": {
        "lines": [
          null,
          null,
          1,
          1,
          1,
          0,
          null,
          null,
          1,
          0,
          0,
          null,
          null,
          0,
          0,
          null,
          null,
          null,
          null,
          1,
          null,
          1,
          null,
          null
        ],
        "branches": {
          "[:unless, 0, 10, 6, 10, 41]": {
            "[:else, 1, 10, 6, 10, 41]": 0,
            "[:then, 2, 10, 6, 10, 12]": 0
          },
          "[:if, 3, 11, 6, 11, 79]": {
            "[:then, 4, 11, 6, 11, 12]": 0,
            "[:else, 5, 11, 6, 11, 79]": 0
          }
        }
      },
      "/home/lmafra/projects/SarradaHub/saturday_league_football/app/services/matches/finalize.rb": {
        "lines": [
          null,
          null,
          1,
          1,
          1,
          0,
          null,
          null,
          1,
          0,
          0,
          null,
          0,
          0,
          0,
          0,
          0,
          null,
          0,
          null,
          null,
          0,
          null,
          null,
          null,
          null,
          0,
          null,
          0,
          null,
          null,
          1,
          null,
          1,
          null,
          1,
          0,
          null,
          0,
          0,
          0,
          0,
          null,
          0,
          null,
          null,
          0,
          null,
          null,
          1,
          0,
          null,
          0,
          null,
          null,
          null
        ],
        "branches": {
          "[:if, 0, 14, 24, 20, 9]": {
            "[:then, 1, 15, 26, 15, 29]": 0,
            "[:else, 2, 16, 6, 19, 41]": 0
          },
          "[:if, 3, 16, 6, 19, 41]": {
            "[:then, 4, 17, 26, 17, 41]": 0,
            "[:else, 5, 19, 26, 19, 41]": 0
          },
          "[:if, 6, 37, 6, 37, 29]": {
            "[:then, 7, 37, 6, 37, 14]": 0,
            "[:else, 8, 37, 6, 37, 29]": 0
          },
          "[:if, 9, 41, 27, 45, 9]": {
            "[:then, 10, 42, 29, 42, 30]": 0,
            "[:else, 11, 44, 29, 44, 106]": 0
          }
        }
      },
      "/home/lmafra/projects/SarradaHub/saturday_league_football/app/services/matches/substitute_player.rb": {
        "lines": [
          null,
          null,
          1,
          1,
          1,
          1,
          1,
          1,
          null,
          1,
          0,
          0,
          0,
          0,
          null,
          null,
          1,
          0,
          0,
          0,
          0,
          null,
          0,
          0,
          0,
          null,
          0,
          0,
          0,
          null,
          0,
          0,
          null,
          null,
          null,
          null,
          0,
          null,
          null,
          null,
          null,
          null,
          null,
          null,
          null,
          1,
          null,
          1,
          null,
          1,
          0,
          0,
          null,
          null,
          null,
          1,
          0,
          0,
          0,
          null,
          null,
          null,
          1,
          0,
          0,
          null,
          null,
          null,
          1,
          0,
          0,
          0,
          null,
          0,
          0,
          null,
          null,
          null
        ],
        "branches": {
          "[:\"&.\", 0, 29, 8, 29, 32]": {
            "[:then, 1, 29, 8, 29, 32]": 0,
            "[:else, 2, 29, 8, 29, 32]": 0
          },
          "[:unless, 3, 31, 8, 33, 11]": {
            "[:else, 4, 31, 8, 33, 11]": 0,
            "[:then, 5, 32, 10, 32, 79]": 0
          },
          "[:unless, 6, 51, 6, 53, 9]": {
            "[:else, 7, 51, 6, 53, 9]": 0,
            "[:then, 8, 52, 8, 52, 82]": 0
          },
          "[:unless, 9, 58, 6, 60, 9]": {
            "[:else, 10, 58, 6, 60, 9]": 0,
            "[:then, 11, 59, 8, 59, 83]": 0
          },
          "[:unless, 12, 64, 6, 66, 9]": {
            "[:else, 13, 64, 6, 66, 9]": 0,
            "[:then, 14, 65, 8, 65, 121]": 0
          },
          "[:if, 15, 72, 6, 72, 37]": {
            "[:then, 16, 72, 6, 72, 12]": 0,
            "[:else, 17, 72, 6, 72, 37]": 0
          },
          "[:if, 18, 75, 6, 75, 148]": {
            "[:then, 19, 75, 6, 75, 119]": 0,
            "[:else, 20, 75, 6, 75, 148]": 0
          }
        }
      },
      "/home/lmafra/projects/SarradaHub/saturday_league_football/app/services/player_stats/add_goalkeeper.rb": {
        "lines": [
          null,
          null,
          1,
          1,
          1,
          null,
          1,
          0,
          0,
          0,
          null,
          null,
          1,
          0,
          null,
          0,
          0,
          null,
          null,
          null,
          null,
          null,
          0,
          0,
          0,
          0,
          null,
          0,
          null,
          0,
          null,
          0,
          null,
          null,
          null,
          1,
          null,
          1,
          null,
          1,
          0,
          0,
          null,
          0,
          0,
          0,
          null,
          null,
          null,
          0,
          0,
          0,
          null,
          0,
          null,
          null,
          null,
          1,
          0,
          0,
          null,
          null,
          null,
          null
        ],
        "branches": {
          "[:if, 0, 44, 6, 44, 43]": {
            "[:then, 1, 44, 6, 44, 12]": 0,
            "[:else, 2, 44, 6, 44, 43]": 0
          },
          "[:unless, 3, 46, 6, 46, 52]": {
            "[:else, 4, 46, 6, 46, 52]": 0,
            "[:then, 5, 46, 6, 46, 12]": 0
          },
          "[:if, 6, 51, 6, 55, 9]": {
            "[:then, 7, 52, 8, 52, 51]": 0,
            "[:else, 8, 54, 8, 54, 66]": 0
          },
          "[:if, 9, 52, 8, 52, 51]": {
            "[:then, 10, 52, 8, 52, 27]": 0,
            "[:else, 11, 52, 8, 52, 51]": 0
          },
          "[:if, 12, 59, 6, 61, 9]": {
            "[:then, 13, 60, 8, 60, 80]": 0,
            "[:else, 14, 59, 6, 61, 9]": 0
          }
        }
      },
      "/home/lmafra/projects/SarradaHub/saturday_league_football/app/services/player_stats/bulk_upsert.rb": {
        "lines": [
          null,
          null,
          1,
          1,
          1,
          1,
          null,
          1,
          0,
          0,
          null,
          null,
          1,
          0,
          0,
          0,
          0,
          0,
          0,
          null,
          null,
          null,
          0,
          null,
          null,
          1,
          null,
          1,
          null,
          null,
          1,
          0,
          0,
          0,
          0,
          null,
          0,
          0,
          0,
          0,
          null,
          0,
          null,
          0,
          null,
          null,
          null,
          1,
          0,
          0,
          null,
          null,
          null,
          1,
          0,
          0,
          0,
          0,
          0,
          0,
          0,
          0,
          null,
          null,
          null,
          0,
          0,
          0,
          0,
          0,
          null,
          0,
          null,
          null,
          null,
          1,
          0,
          0,
          null,
          0,
          null,
          null,
          null,
          null
        ],
        "branches": {
          "[:if, 0, 33, 13, 33, 45]": {
            "[:then, 1, 33, 31, 33, 34]": 0,
            "[:else, 2, 33, 37, 33, 45]": 0
          },
          "[:if, 3, 37, 20, 43, 23]": {
            "[:then, 4, 38, 22, 38, 23]": 0,
            "[:else, 5, 39, 20, 42, 23]": 0
          },
          "[:if, 6, 39, 20, 42, 23]": {
            "[:then, 7, 40, 22, 40, 23]": 0,
            "[:else, 8, 42, 22, 42, 23]": 0
          },
          "[:if, 9, 49, 19, 49, 105]": {
            "[:then, 10, 49, 45, 49, 71]": 0,
            "[:else, 11, 49, 74, 49, 105]": 0
          },
          "[:if, 12, 56, 12, 56, 44]": {
            "[:then, 13, 56, 30, 56, 33]": 0,
            "[:else, 14, 56, 36, 56, 44]": 0
          },
          "[:if, 15, 61, 8, 63, 11]": {
            "[:then, 16, 62, 10, 62, 128]": 0,
            "[:else, 17, 61, 8, 63, 11]": 0
          },
          "[:if, 18, 66, 42, 66, 74]": {
            "[:then, 19, 66, 60, 66, 63]": 0,
            "[:else, 20, 66, 66, 66, 74]": 0
          },
          "[:if, 21, 68, 38, 68, 64]": {
            "[:then, 22, 68, 54, 68, 55]": 0,
            "[:else, 23, 68, 58, 68, 64]": 0
          },
          "[:if, 24, 69, 40, 69, 66]": {
            "[:then, 25, 69, 56, 69, 57]": 0,
            "[:else, 26, 69, 60, 69, 66]": 0
          },
          "[:if, 27, 70, 8, 70, 44]": {
            "[:then, 28, 70, 8, 70, 12]": 0,
            "[:else, 29, 70, 8, 70, 44]": 0
          },
          "[:if, 30, 77, 44, 77, 76]": {
            "[:then, 31, 77, 62, 77, 65]": 0,
            "[:else, 32, 77, 68, 77, 76]": 0
          },
          "[:if, 33, 78, 6, 78, 89]": {
            "[:then, 34, 78, 6, 78, 12]": 0,
            "[:else, 35, 78, 6, 78, 89]": 0
          }
        }
      },
      "/home/lmafra/projects/SarradaHub/saturday_league_football/app/services/players/add_to_round.rb": {
        "lines": [
          null,
          null,
          1,
          1,
          1,
          0,
          0,
          0,
          null,
          null,
          1,
          0,
          null,
          0,
          0,
          null,
          0,
          null,
          0,
          0,
          null,
          0,
          null,
          0,
          null,
          null,
          0,
          0,
          null,
          null,
          0,
          null,
          null,
          0,
          null,
          null,
          0,
          0,
          0,
          0,
          null,
          null,
          null,
          null,
          0,
          0,
          null,
          null,
          1,
          null,
          1,
          null,
          null
        ],
        "branches": {
          "[:if, 0, 39, 6, 44, 9]": {
            "[:then, 1, 40, 8, 43, 9]": 0,
            "[:else, 2, 39, 6, 44, 9]": 0
          },
          "[:if, 3, 20, 8, 20, 76]": {
            "[:then, 4, 20, 8, 20, 29]": 0,
            "[:else, 5, 20, 8, 20, 76]": 0
          },
          "[:if, 6, 24, 8, 29, 11]": {
            "[:then, 7, 27, 10, 28, 53]": 0,
            "[:else, 8, 24, 8, 29, 11]": 0
          }
        }
      },
      "/home/lmafra/projects/SarradaHub/saturday_league_football/app/services/players/add_to_team.rb": {
        "lines": [
          null,
          null,
          1,
          1,
          1,
          0,
          0,
          null,
          null,
          1,
          0,
          0,
          0,
          0,
          null,
          0,
          null,
          0,
          null,
          null,
          1,
          null,
          1,
          null,
          null
        ],
        "branches": {
          "[:if, 0, 13, 6, 17, 9]": {
            "[:then, 1, 14, 8, 14, 51]": 0,
            "[:else, 2, 16, 8, 16, 65]": 0
          },
          "[:if, 3, 14, 8, 14, 51]": {
            "[:then, 4, 14, 8, 14, 27]": 0,
            "[:else, 5, 14, 8, 14, 51]": 0
          },
          "[:unless, 6, 16, 8, 16, 65]": {
            "[:else, 7, 16, 8, 16, 65]": 0,
            "[:then, 8, 16, 8, 16, 28]": 0
          }
        }
      },
      "/home/lmafra/projects/SarradaHub/saturday_league_football/app/services/players/match_statistics.rb": {
        "lines": [
          null,
          null,
          1,
          1,
          1,
          0,
          0,
          0,
          0,
          null,
          null,
          1,
          null,
          0,
          null,
          null,
          null,
          null,
          null,
          null,
          1,
          null,
          1,
          null,
          1,
          0,
          null,
          null,
          1,
          0,
          null,
          0,
          null,
          null,
          null
        ],
        "branches": {
          "[:unless, 0, 30, 6, 30, 51]": {
            "[:else, 1, 30, 6, 30, 51]": 0,
            "[:then, 2, 30, 6, 30, 14]": 0
          }
        }
      },
      "/home/lmafra/projects/SarradaHub/saturday_league_football/app/services/rounds/add_player_to_last_active_team.rb": {
        "lines": [
          null,
          null,
          1,
          1,
          1,
          0,
          null,
          null,
          1,
          0,
          0,
          null,
          null,
          1,
          0,
          null,
          0,
          0,
          null,
          0,
          0,
          null,
          0,
          0,
          null,
          null,
          1,
          null,
          1,
          null,
          1,
          0,
          null,
          0,
          0,
          null,
          null,
          null,
          1,
          0,
          0,
          0,
          null,
          null,
          null
        ],
        "branches": {
          "[:if, 0, 15, 6, 15, 45]": {
            "[:then, 1, 15, 6, 15, 12]": 0,
            "[:else, 2, 15, 6, 15, 45]": 0
          },
          "[:unless, 3, 18, 6, 18, 41]": {
            "[:else, 4, 18, 6, 18, 41]": 0,
            "[:then, 5, 18, 6, 18, 12]": 0
          },
          "[:if, 6, 21, 6, 21, 27]": {
            "[:then, 7, 21, 6, 21, 12]": 0,
            "[:else, 8, 21, 6, 21, 27]": 0
          }
        }
      },
      "/home/lmafra/projects/SarradaHub/saturday_league_football/app/services/rounds/next_match_generator.rb": {
        "lines": [
          null,
          null,
          1,
          1,
          1,
          1,
          1,
          null,
          1,
          0,
          0,
          0,
          null,
          null,
          1,
          0,
          0,
          0,
          null,
          null,
          1,
          0,
          null,
          0,
          0,
          0,
          null,
          null,
          0,
          null,
          0,
          null,
          null,
          1,
          null,
          1,
          null,
          1,
          0,
          0,
          0,
          0,
          0,
          0,
          0,
          0,
          0,
          0,
          0,
          0,
          null,
          0,
          null,
          0,
          null,
          null,
          0,
          0,
          null,
          null,
          0,
          0,
          0,
          null,
          0,
          0,
          null,
          0,
          0,
          null,
          null,
          null,
          null,
          null,
          null,
          null,
          0,
          null,
          0,
          null,
          null,
          0,
          0,
          null,
          0,
          0,
          null,
          0,
          null,
          null,
          null,
          null,
          null,
          null,
          null,
          null,
          null,
          null,
          0,
          0,
          0,
          0,
          0,
          0,
          null,
          0,
          0,
          null,
          0,
          0,
          0,
          null,
          0,
          0,
          null,
          0,
          null,
          0,
          null,
          null,
          0,
          0,
          null,
          0,
          0,
          0,
          0,
          null,
          null,
          null,
          0,
          0,
          null,
          null,
          null,
          0,
          0,
          null,
          null,
          0,
          null,
          null,
          null,
          null,
          null,
          null,
          null,
          null,
          1,
          0,
          0,
          null,
          0,
          null,
          null,
          1,
          0,
          0,
          null,
          0,
          0,
          0,
          0,
          null,
          null,
          0,
          0,
          0,
          0,
          null,
          0,
          null,
          null,
          null,
          1,
          0,
          0,
          null,
          null,
          0,
          0,
          null,
          0,
          0,
          null,
          null,
          0,
          0,
          null,
          0,
          0,
          null,
          null,
          1,
          0,
          0,
          0,
          null,
          0,
          0,
          0,
          null,
          0,
          null,
          null,
          0,
          null,
          null,
          1,
          0,
          null,
          null,
          1,
          0,
          null,
          null,
          1,
          0,
          null,
          null,
          1,
          null,
          0,
          null,
          null,
          null,
          null,
          null,
          null,
          null,
          null,
          null,
          1,
          0,
          0,
          0,
          0,
          null,
          null,
          0,
          null,
          0,
          null,
          0,
          null,
          null,
          null,
          1,
          0,
          null,
          0,
          0,
          null,
          0,
          0,
          0,
          null,
          0,
          0,
          null,
          null,
          null,
          0,
          null,
          null,
          null,
          null,
          null,
          null,
          0,
          0,
          0,
          null,
          0,
          0,
          null,
          0,
          null,
          null,
          1,
          0,
          null,
          0,
          0,
          null,
          0,
          null,
          null,
          null,
          null,
          null,
          null,
          0,
          0,
          null,
          0,
          null,
          null,
          1,
          0,
          0,
          0,
          null,
          0,
          null,
          0,
          0,
          0,
          0,
          0,
          null,
          null,
          0,
          0,
          null,
          null,
          null,
          1,
          0,
          0,
          null,
          0,
          0,
          null,
          null,
          1,
          0,
          0,
          null,
          0,
          0,
          0,
          null,
          0,
          0,
          0,
          0,
          null,
          0,
          0,
          0,
          null,
          0,
          0,
          0,
          null,
          null,
          null,
          1,
          0,
          null,
          0,
          null,
          0,
          null,
          null,
          null,
          null,
          null,
          0,
          null,
          null,
          null,
          null,
          null,
          0,
          null,
          null,
          0,
          null,
          0,
          0,
          null,
          0,
          0,
          0,
          0,
          null,
          0,
          null,
          0,
          0,
          0,
          0,
          null,
          null,
          0,
          0,
          0,
          null,
          null,
          0,
          null,
          null,
          1,
          0,
          0,
          null,
          0,
          0,
          null,
          null,
          0,
          null,
          null,
          null,
          null,
          null,
          0,
          0,
          null,
          0,
          0,
          null,
          0,
          0,
          null,
          0,
          0,
          0,
          null,
          0,
          null,
          0,
          0,
          0,
          0,
          null,
          null,
          0,
          0,
          null,
          null,
          null,
          1,
          0,
          null,
          0,
          null,
          null,
          null,
          null,
          null,
          0,
          null,
          0,
          null,
          null,
          1,
          0,
          null,
          0,
          0,
          0,
          0,
          null,
          null,
          0,
          0,
          null,
          0,
          0,
          0,
          null,
          null,
          null,
          1,
          0,
          0,
          null,
          0,
          0,
          null,
          null,
          1,
          0,
          0,
          null,
          0,
          null,
          0,
          0,
          null,
          null,
          0,
          null,
          null,
          1,
          0,
          0,
          0,
          0,
          0,
          null,
          null,
          1,
          0,
          null,
          null,
          null,
          null,
          null,
          1,
          0,
          0,
          0,
          null,
          0,
          null,
          null,
          null,
          null
        ],
        "branches": {
          "[:if, 0, 24, 6, 27, 9]": {
            "[:then, 1, 25, 8, 26, 49]": 0,
            "[:else, 2, 24, 6, 27, 9]": 0
          },
          "[:unless, 3, 25, 8, 25, 66]": {
            "[:else, 4, 25, 8, 25, 66]": 0,
            "[:then, 5, 25, 8, 25, 46]": 0
          },
          "[:unless, 6, 29, 6, 29, 58]": {
            "[:else, 7, 29, 6, 29, 58]": 0,
            "[:then, 8, 29, 6, 29, 38]": 0
          },
          "[:if, 9, 44, 6, 55, 9]": {
            "[:then, 10, 45, 8, 54, 38]": 0,
            "[:else, 11, 44, 6, 55, 9]": 0
          },
          "[:if, 12, 47, 14, 53, 11]": {
            "[:then, 13, 48, 16, 48, 87]": 0,
            "[:else, 14, 49, 8, 52, 64]": 0
          },
          "[:if, 15, 49, 8, 52, 64]": {
            "[:then, 16, 50, 10, 50, 141]": 0,
            "[:else, 17, 52, 10, 52, 64]": 0
          },
          "[:if, 18, 79, 8, 128, 11]": {
            "[:then, 19, 82, 10, 119, 13]": 0,
            "[:else, 20, 121, 10, 127, 32]": 0
          },
          "[:if, 21, 85, 10, 95, 13]": {
            "[:then, 22, 86, 12, 94, 13]": 0,
            "[:else, 23, 85, 10, 95, 13]": 0
          },
          "[:if, 24, 99, 10, 119, 13]": {
            "[:then, 25, 100, 12, 107, 74]": 0,
            "[:else, 26, 109, 12, 118, 86]": 0
          },
          "[:if, 27, 107, 12, 107, 74]": {
            "[:then, 28, 107, 12, 107, 43]": 0,
            "[:else, 29, 107, 12, 107, 74]": 0
          },
          "[:if, 30, 113, 40, 117, 43]": {
            "[:then, 31, 114, 42, 114, 54]": 0,
            "[:else, 32, 116, 42, 116, 67]": 0
          },
          "[:if, 33, 118, 12, 118, 86]": {
            "[:then, 34, 118, 12, 118, 47]": 0,
            "[:else, 35, 118, 12, 118, 86]": 0
          },
          "[:if, 36, 122, 10, 122, 31]": {
            "[:then, 37, 122, 10, 122, 14]": 0,
            "[:else, 38, 122, 10, 122, 31]": 0
          },
          "[:if, 39, 124, 18, 124, 76]": {
            "[:then, 40, 124, 49, 124, 61]": 0,
            "[:else, 41, 124, 64, 124, 76]": 0
          },
          "[:if, 42, 125, 10, 125, 73]": {
            "[:then, 43, 125, 10, 125, 33]": 0,
            "[:else, 44, 125, 10, 125, 73]": 0
          },
          "[:if, 45, 131, 6, 134, 9]": {
            "[:then, 46, 132, 8, 133, 124]": 0,
            "[:else, 47, 131, 6, 134, 9]": 0
          },
          "[:if, 48, 150, 6, 150, 40]": {
            "[:then, 49, 150, 6, 150, 18]": 0,
            "[:else, 50, 150, 6, 150, 40]": 0
          },
          "[:if, 51, 151, 6, 151, 69]": {
            "[:then, 52, 151, 6, 151, 18]": 0,
            "[:else, 53, 151, 6, 151, 69]": 0
          },
          "[:if, 54, 153, 6, 153, 51]": {
            "[:then, 55, 153, 39, 153, 43]": 0,
            "[:else, 56, 153, 46, 153, 51]": 0
          },
          "[:if, 57, 157, 6, 157, 62]": {
            "[:then, 58, 157, 6, 157, 31]": 0,
            "[:else, 59, 157, 6, 157, 62]": 0
          },
          "[:if, 60, 158, 6, 158, 48]": {
            "[:then, 61, 158, 6, 158, 16]": 0,
            "[:else, 62, 158, 6, 158, 48]": 0
          },
          "[:if, 63, 160, 6, 164, 9]": {
            "[:then, 64, 161, 8, 163, 73]": 0,
            "[:else, 65, 160, 6, 164, 9]": 0
          },
          "[:if, 66, 161, 8, 161, 71]": {
            "[:then, 67, 161, 8, 161, 27]": 0,
            "[:else, 68, 161, 8, 161, 71]": 0
          },
          "[:if, 69, 162, 8, 162, 71]": {
            "[:then, 70, 162, 8, 162, 27]": 0,
            "[:else, 71, 162, 8, 162, 71]": 0
          },
          "[:if, 72, 166, 6, 172, 9]": {
            "[:then, 73, 167, 8, 167, 16]": 0,
            "[:else, 74, 168, 6, 171, 73]": 0
          },
          "[:if, 75, 168, 6, 171, 73]": {
            "[:then, 76, 169, 8, 169, 16]": 0,
            "[:else, 77, 171, 8, 171, 73]": 0
          },
          "[:if, 78, 177, 6, 178, 97]": {
            "[:then, 79, 177, 6, 177, 40]": 0,
            "[:else, 80, 177, 6, 178, 97]": 0
          },
          "[:if, 81, 180, 6, 185, 9]": {
            "[:then, 82, 181, 8, 181, 79]": 0,
            "[:else, 83, 183, 8, 184, 31]": 0
          },
          "[:if, 84, 181, 19, 181, 79]": {
            "[:then, 85, 181, 52, 181, 64]": 0,
            "[:else, 86, 181, 67, 181, 79]": 0
          },
          "[:if, 87, 187, 6, 187, 65]": {
            "[:then, 88, 187, 6, 187, 20]": 0,
            "[:else, 89, 187, 6, 187, 65]": 0
          },
          "[:if, 90, 188, 6, 188, 65]": {
            "[:then, 91, 188, 6, 188, 20]": 0,
            "[:else, 92, 188, 6, 188, 65]": 0
          },
          "[:if, 93, 201, 8, 201, 111]": {
            "[:then, 94, 201, 8, 201, 12]": 0,
            "[:else, 95, 201, 8, 201, 111]": 0
          },
          "[:\"&.\", 96, 234, 20, 234, 42]": {
            "[:then, 97, 234, 20, 234, 42]": 0,
            "[:else, 98, 234, 20, 234, 42]": 0
          },
          "[:\"&.\", 99, 234, 20, 234, 50]": {
            "[:then, 100, 234, 20, 234, 50]": 0,
            "[:else, 101, 234, 20, 234, 50]": 0
          },
          "[:\"&.\", 102, 235, 72, 235, 97]": {
            "[:then, 103, 235, 72, 235, 97]": 0,
            "[:else, 104, 235, 72, 235, 97]": 0
          },
          "[:if, 105, 249, 6, 249, 97]": {
            "[:then, 106, 249, 6, 249, 72]": 0,
            "[:else, 107, 249, 6, 249, 97]": 0
          },
          "[:unless, 108, 252, 6, 252, 116]": {
            "[:else, 109, 252, 6, 252, 116]": 0,
            "[:then, 110, 252, 6, 252, 65]": 0
          },
          "[:if, 111, 258, 6, 261, 9]": {
            "[:then, 112, 259, 8, 260, 118]": 0,
            "[:else, 113, 258, 6, 261, 9]": 0
          },
          "[:if, 114, 272, 6, 272, 141]": {
            "[:then, 115, 272, 6, 272, 123]": 0,
            "[:else, 116, 272, 6, 272, 141]": 0
          },
          "[:if, 117, 281, 6, 281, 70]": {
            "[:then, 118, 281, 6, 281, 39]": 0,
            "[:else, 119, 281, 6, 281, 70]": 0
          },
          "[:if, 120, 302, 6, 302, 33]": {
            "[:then, 121, 302, 6, 302, 12]": 0,
            "[:else, 122, 302, 6, 302, 33]": 0
          },
          "[:if, 123, 306, 6, 315, 9]": {
            "[:then, 124, 307, 8, 311, 11]": 0,
            "[:else, 125, 313, 8, 314, 114]": 0
          },
          "[:if, 126, 307, 8, 311, 11]": {
            "[:then, 127, 308, 10, 308, 91]": 0,
            "[:else, 128, 309, 8, 310, 132]": 0
          },
          "[:if, 129, 309, 8, 310, 132]": {
            "[:then, 130, 310, 10, 310, 132]": 0,
            "[:else, 131, 309, 8, 310, 132]": 0
          },
          "[:if, 132, 314, 8, 314, 114]": {
            "[:then, 133, 314, 8, 314, 96]": 0,
            "[:else, 134, 314, 8, 314, 114]": 0
          },
          "[:if, 135, 319, 6, 319, 32]": {
            "[:then, 136, 319, 6, 319, 16]": 0,
            "[:else, 137, 319, 6, 319, 32]": 0
          },
          "[:if, 138, 320, 6, 320, 70]": {
            "[:then, 139, 320, 6, 320, 16]": 0,
            "[:else, 140, 320, 6, 320, 70]": 0
          },
          "[:if, 141, 323, 6, 323, 64]": {
            "[:then, 142, 323, 37, 323, 49]": 0,
            "[:else, 143, 323, 52, 323, 64]": 0
          },
          "[:if, 144, 328, 6, 328, 76]": {
            "[:then, 145, 328, 6, 328, 12]": 0,
            "[:else, 146, 328, 6, 328, 76]": 0
          },
          "[:if, 147, 332, 6, 332, 35]": {
            "[:then, 148, 332, 6, 332, 12]": 0,
            "[:else, 149, 332, 6, 332, 35]": 0
          },
          "[:if, 150, 337, 8, 337, 36]": {
            "[:then, 151, 337, 8, 337, 13]": 0,
            "[:else, 152, 337, 8, 337, 36]": 0
          },
          "[:if, 153, 340, 8, 340, 53]": {
            "[:then, 154, 340, 8, 340, 12]": 0,
            "[:else, 155, 340, 8, 340, 53]": 0
          },
          "[:unless, 156, 341, 8, 341, 56]": {
            "[:else, 157, 341, 8, 341, 56]": 0,
            "[:then, 158, 341, 8, 341, 12]": 0
          },
          "[:if, 159, 350, 6, 350, 38]": {
            "[:then, 160, 350, 6, 350, 16]": 0,
            "[:else, 161, 350, 6, 350, 38]": 0
          },
          "[:if, 162, 369, 6, 369, 41]": {
            "[:then, 163, 369, 6, 369, 16]": 0,
            "[:else, 164, 369, 6, 369, 41]": 0
          },
          "[:unless, 165, 372, 6, 372, 39]": {
            "[:else, 166, 372, 6, 372, 39]": 0,
            "[:then, 167, 372, 6, 372, 16]": 0
          },
          "[:if, 168, 379, 6, 379, 116]": {
            "[:then, 169, 379, 6, 379, 70]": 0,
            "[:else, 170, 379, 6, 379, 116]": 0
          },
          "[:if, 171, 382, 8, 382, 81]": {
            "[:then, 172, 382, 8, 382, 12]": 0,
            "[:else, 173, 382, 8, 382, 81]": 0
          },
          "[:if, 174, 384, 8, 384, 39]": {
            "[:then, 175, 384, 8, 384, 13]": 0,
            "[:else, 176, 384, 8, 384, 39]": 0
          },
          "[:if, 177, 388, 6, 390, 9]": {
            "[:then, 178, 389, 8, 389, 64]": 0,
            "[:else, 179, 388, 6, 390, 9]": 0
          },
          "[:if, 180, 397, 6, 397, 28]": {
            "[:then, 181, 397, 6, 397, 12]": 0,
            "[:else, 182, 397, 6, 397, 28]": 0
          },
          "[:if, 183, 413, 6, 413, 37]": {
            "[:then, 184, 413, 6, 413, 12]": 0,
            "[:else, 185, 413, 6, 413, 37]": 0
          },
          "[:unless, 186, 416, 6, 416, 35]": {
            "[:else, 187, 416, 6, 416, 35]": 0,
            "[:then, 188, 416, 6, 416, 12]": 0
          },
          "[:if, 189, 422, 6, 422, 116]": {
            "[:then, 190, 422, 6, 422, 70]": 0,
            "[:else, 191, 422, 6, 422, 116]": 0
          },
          "[:if, 192, 425, 8, 425, 89]": {
            "[:then, 193, 425, 8, 425, 12]": 0,
            "[:else, 194, 425, 8, 425, 89]": 0
          },
          "[:if, 195, 427, 8, 427, 39]": {
            "[:then, 196, 427, 8, 427, 13]": 0,
            "[:else, 197, 427, 8, 427, 39]": 0
          },
          "[:if, 198, 430, 6, 432, 9]": {
            "[:then, 199, 431, 8, 431, 53]": 0,
            "[:else, 200, 430, 6, 432, 9]": 0
          },
          "[:if, 201, 436, 6, 436, 30]": {
            "[:then, 202, 436, 6, 436, 15]": 0,
            "[:else, 203, 436, 6, 436, 30]": 0
          },
          "[:if, 204, 450, 6, 450, 55]": {
            "[:then, 205, 450, 6, 450, 12]": 0,
            "[:else, 206, 450, 6, 450, 55]": 0
          },
          "[:if, 207, 455, 6, 455, 35]": {
            "[:then, 208, 455, 6, 455, 12]": 0,
            "[:else, 209, 455, 6, 455, 35]": 0
          },
          "[:if, 210, 469, 6, 469, 56]": {
            "[:then, 211, 469, 6, 469, 21]": 0,
            "[:else, 212, 469, 6, 469, 56]": 0
          },
          "[:\"&.\", 213, 489, 20, 489, 42]": {
            "[:then, 214, 489, 20, 489, 42]": 0,
            "[:else, 215, 489, 20, 489, 42]": 0
          },
          "[:\"&.\", 216, 489, 20, 489, 50]": {
            "[:then, 217, 489, 20, 489, 50]": 0,
            "[:else, 218, 489, 20, 489, 50]": 0
          },
          "[:\"&.\", 219, 490, 72, 490, 92]": {
            "[:then, 220, 490, 72, 490, 92]": 0,
            "[:else, 221, 490, 72, 490, 92]": 0
          },
          "[:if, 222, 505, 6, 509, 9]": {
            "[:then, 223, 506, 8, 506, 51]": 0,
            "[:else, 224, 508, 8, 508, 54]": 0
          },
          "[:if, 225, 506, 8, 506, 51]": {
            "[:then, 226, 506, 8, 506, 27]": 0,
            "[:else, 227, 506, 8, 506, 51]": 0
          }
        }
      },
      "/home/lmafra/projects/SarradaHub/saturday_league_football/app/services/rounds/round_statistics.rb": {
        "lines": [
          null,
          null,
          1,
          1,
          1,
          0,
          null,
          null,
          1,
          0,
          0,
          0,
          null,
          0,
          null,
          0,
          0,
          null,
          0,
          0,
          0,
          0,
          null,
          0,
          null,
          0,
          null,
          null,
          null,
          null,
          null,
          null,
          null,
          null,
          null,
          null,
          null,
          null,
          null,
          null,
          null,
          0,
          null,
          null,
          1,
          null,
          1,
          null,
          1,
          0,
          0,
          0,
          null,
          0,
          0,
          0,
          null,
          0,
          0,
          0,
          0,
          null,
          0,
          null,
          null,
          null,
          0,
          null,
          null,
          null
        ],
        "branches": {
          "[:if, 0, 14, 6, 14, 36]": {
            "[:then, 1, 14, 6, 14, 15]": 0,
            "[:else, 2, 14, 6, 14, 36]": 0
          },
          "[:unless, 3, 56, 8, 56, 24]": {
            "[:else, 4, 56, 8, 56, 24]": 0,
            "[:then, 5, 56, 8, 56, 12]": 0
          },
          "[:if, 6, 58, 8, 64, 11]": {
            "[:then, 7, 59, 10, 59, 20]": 0,
            "[:else, 8, 60, 8, 63, 21]": 0
          },
          "[:if, 9, 60, 8, 63, 21]": {
            "[:then, 10, 61, 10, 61, 19]": 0,
            "[:else, 11, 63, 10, 63, 21]": 0
          }
        }
      },
      "/home/lmafra/projects/SarradaHub/saturday_league_football/app/services/rounds/round_team_generator.rb": {
        "lines": [
          null,
          null,
          1,
          1,
          1,
          null,
          1,
          null,
          1,
          0,
          null,
          null,
          1,
          0,
          0,
          0,
          0,
          null,
          null,
          1,
          0,
          null,
          0,
          0,
          null,
          0,
          null,
          null,
          null,
          1,
          null,
          1,
          null,
          1,
          0,
          0,
          null,
          null,
          null,
          0,
          0,
          null,
          0,
          0,
          null,
          0,
          0,
          0,
          0,
          null,
          null,
          null,
          1,
          0,
          0,
          null,
          0,
          0,
          0,
          0,
          null,
          null,
          null,
          1,
          0,
          0,
          null,
          0,
          0,
          null,
          0,
          0,
          null,
          null,
          1,
          0,
          null,
          0,
          0,
          null,
          0,
          0,
          0,
          0,
          0,
          0,
          null,
          null,
          null,
          1,
          0,
          null,
          0,
          0,
          null,
          null,
          1,
          0,
          null,
          0,
          0,
          null,
          0,
          null,
          0,
          0,
          null,
          0,
          0,
          0,
          null,
          0,
          0,
          0,
          null,
          null,
          0,
          0,
          0,
          null,
          null,
          null,
          null,
          1,
          0,
          null,
          null,
          null,
          null,
          null,
          null,
          null,
          null,
          1,
          0,
          null,
          null,
          null,
          null,
          0,
          null,
          null,
          null,
          0,
          null,
          null,
          null,
          null,
          0,
          null,
          null,
          null,
          1,
          0,
          null,
          0,
          0,
          null,
          0,
          0,
          0,
          0,
          0,
          0,
          null,
          null,
          null,
          1,
          0,
          0,
          0,
          null,
          null,
          1,
          0,
          null,
          0,
          0,
          null,
          0,
          null,
          0,
          0,
          null,
          0,
          0,
          0,
          null,
          0,
          0,
          0,
          null,
          null,
          0,
          0,
          0,
          null,
          null,
          null,
          null,
          1,
          0,
          0,
          null,
          0,
          0,
          null,
          0,
          0,
          null,
          0,
          null,
          null,
          1,
          0,
          0,
          null,
          0,
          0,
          null,
          0,
          0,
          null,
          0,
          0,
          null,
          null,
          null,
          null
        ],
        "branches": {
          "[:if, 0, 16, 19, 16, 88]": {
            "[:then, 1, 16, 39, 16, 68]": 0,
            "[:else, 2, 16, 71, 16, 88]": 0
          },
          "[:if, 3, 21, 6, 21, 28]": {
            "[:then, 4, 21, 6, 21, 12]": 0,
            "[:else, 5, 21, 6, 21, 28]": 0
          },
          "[:if, 6, 23, 6, 27, 9]": {
            "[:then, 7, 24, 8, 24, 30]": 0,
            "[:else, 8, 26, 8, 26, 27]": 0
          },
          "[:if, 9, 36, 6, 36, 38]": {
            "[:then, 10, 36, 6, 36, 12]": 0,
            "[:else, 11, 36, 6, 36, 38]": 0
          },
          "[:\"&.\", 12, 65, 21, 65, 40]": {
            "[:then, 13, 65, 21, 65, 40]": 0,
            "[:else, 14, 65, 21, 65, 40]": 0
          },
          "[:unless, 15, 66, 6, 66, 41]": {
            "[:else, 16, 66, 6, 66, 41]": 0,
            "[:then, 17, 66, 6, 66, 12]": 0
          },
          "[:unless, 18, 69, 6, 69, 61]": {
            "[:else, 19, 69, 6, 69, 61]": 0,
            "[:then, 20, 69, 6, 69, 12]": 0
          },
          "[:unless, 21, 76, 6, 76, 35]": {
            "[:else, 22, 76, 6, 76, 35]": 0,
            "[:then, 23, 76, 6, 76, 12]": 0
          },
          "[:if, 24, 79, 6, 79, 28]": {
            "[:then, 25, 79, 6, 79, 12]": 0,
            "[:else, 26, 79, 6, 79, 28]": 0
          },
          "[:if, 27, 91, 6, 91, 31]": {
            "[:then, 28, 91, 6, 91, 12]": 0,
            "[:else, 29, 91, 6, 91, 31]": 0
          },
          "[:if, 30, 98, 6, 98, 46]": {
            "[:then, 31, 98, 6, 98, 12]": 0,
            "[:else, 32, 98, 6, 98, 46]": 0
          },
          "[:if, 33, 101, 6, 101, 28]": {
            "[:then, 34, 101, 6, 101, 12]": 0,
            "[:else, 35, 101, 6, 101, 28]": 0
          },
          "[:\"&.\", 36, 105, 21, 105, 40]": {
            "[:then, 37, 105, 21, 105, 40]": 0,
            "[:else, 38, 105, 21, 105, 40]": 0
          },
          "[:if, 39, 108, 6, 121, 9]": {
            "[:then, 40, 109, 8, 115, 11]": 0,
            "[:else, 41, 117, 8, 120, 11]": 0
          },
          "[:unless, 42, 154, 6, 154, 35]": {
            "[:else, 43, 154, 6, 154, 35]": 0,
            "[:then, 44, 154, 6, 154, 12]": 0
          },
          "[:if, 45, 157, 6, 157, 28]": {
            "[:then, 46, 157, 6, 157, 12]": 0,
            "[:else, 47, 157, 6, 157, 28]": 0
          },
          "[:if, 48, 175, 6, 175, 30]": {
            "[:then, 49, 175, 6, 175, 12]": 0,
            "[:else, 50, 175, 6, 175, 30]": 0
          },
          "[:if, 51, 178, 6, 178, 28]": {
            "[:then, 52, 178, 6, 178, 12]": 0,
            "[:else, 53, 178, 6, 178, 28]": 0
          },
          "[:\"&.\", 54, 182, 21, 182, 40]": {
            "[:then, 55, 182, 21, 182, 40]": 0,
            "[:else, 56, 182, 21, 182, 40]": 0
          },
          "[:if, 57, 185, 6, 198, 9]": {
            "[:then, 58, 186, 8, 192, 11]": 0,
            "[:else, 59, 194, 8, 197, 11]": 0
          },
          "[:\"&.\", 60, 202, 21, 202, 40]": {
            "[:then, 61, 202, 21, 202, 40]": 0,
            "[:else, 62, 202, 21, 202, 40]": 0
          },
          "[:unless, 63, 203, 6, 203, 41]": {
            "[:else, 64, 203, 6, 203, 41]": 0,
            "[:then, 65, 203, 6, 203, 12]": 0
          },
          "[:unless, 66, 206, 6, 206, 35]": {
            "[:else, 67, 206, 6, 206, 35]": 0,
            "[:then, 68, 206, 6, 206, 12]": 0
          },
          "[:unless, 69, 209, 6, 209, 44]": {
            "[:else, 70, 209, 6, 209, 44]": 0,
            "[:then, 71, 209, 6, 209, 12]": 0
          },
          "[:\"&.\", 72, 215, 21, 215, 40]": {
            "[:then, 73, 215, 21, 215, 40]": 0,
            "[:else, 74, 215, 21, 215, 40]": 0
          },
          "[:unless, 75, 216, 6, 216, 41]": {
            "[:else, 76, 216, 6, 216, 41]": 0,
            "[:then, 77, 216, 6, 216, 12]": 0
          },
          "[:if, 78, 219, 6, 219, 32]": {
            "[:then, 79, 219, 6, 219, 12]": 0,
            "[:else, 80, 219, 6, 219, 32]": 0
          },
          "[:if, 81, 224, 6, 226, 9]": {
            "[:then, 82, 225, 8, 225, 105]": 0,
            "[:else, 83, 224, 6, 226, 9]": 0
          }
        }
      },
      "/home/lmafra/projects/SarradaHub/saturday_league_football/app/services/rounds/team_formation_rules.rb": {
        "lines": [
          null,
          null,
          1,
          1,
          1,
          null,
          1,
          1,
          0,
          null,
          0,
          0,
          null,
          null,
          1,
          0,
          null,
          0,
          null,
          null,
          null,
          null,
          1,
          0,
          0,
          null,
          0,
          null,
          null,
          1,
          0,
          0,
          0,
          0,
          null,
          0,
          null,
          null,
          null,
          null
        ],
        "branches": {
          "[:if, 0, 9, 8, 9, 39]": {
            "[:then, 1, 9, 8, 9, 16]": 0,
            "[:else, 2, 9, 8, 9, 39]": 0
          },
          "[:if, 3, 16, 8, 16, 73]": {
            "[:then, 4, 16, 8, 16, 57]": 0,
            "[:else, 5, 16, 8, 16, 73]": 0
          },
          "[:unless, 6, 25, 8, 25, 42]": {
            "[:else, 7, 25, 8, 25, 42]": 0,
            "[:then, 8, 25, 8, 25, 19]": 0
          },
          "[:while, 9, 32, 8, 35, 11]": {
            "[:body, 10, 33, 10, 34, 40]": 0
          }
        }
      },
      "/home/lmafra/projects/SarradaHub/saturday_league_football/app/services/substitutions/replace_player.rb": {
        "lines": [
          null,
          null,
          1,
          1,
          1,
          1,
          null,
          1,
          0,
          0,
          0,
          0,
          0,
          null,
          null,
          0,
          0,
          0,
          null,
          null,
          1,
          0,
          0,
          0,
          null,
          0,
          0,
          0,
          null,
          0,
          0,
          0,
          null,
          0,
          null,
          null,
          null,
          null,
          0,
          null,
          null,
          null,
          null,
          null,
          1,
          null,
          1,
          null,
          1,
          0,
          0,
          null,
          null,
          null,
          1,
          0,
          0,
          null,
          0,
          0,
          null,
          0,
          0,
          null,
          null,
          null,
          0,
          null,
          0,
          0,
          null,
          null,
          null,
          null,
          null,
          1,
          0,
          null,
          0,
          0,
          null,
          0,
          null,
          null,
          null
        ],
        "branches": {
          "[:if, 0, 9, 6, 14, 9]": {
            "[:then, 1, 10, 8, 13, 37]": 0,
            "[:else, 2, 9, 6, 14, 9]": 0
          },
          "[:if, 3, 24, 6, 24, 97]": {
            "[:then, 4, 24, 6, 24, 68]": 0,
            "[:else, 5, 24, 6, 24, 97]": 0
          },
          "[:\"&.\", 6, 28, 8, 28, 29]": {
            "[:then, 7, 28, 8, 28, 29]": 0,
            "[:else, 8, 28, 8, 28, 29]": 0
          },
          "[:if, 9, 31, 8, 35, 11]": {
            "[:then, 10, 32, 10, 32, 57]": 0,
            "[:else, 11, 34, 10, 34, 65]": 0
          },
          "[:if, 12, 32, 10, 32, 57]": {
            "[:then, 13, 32, 10, 32, 39]": 0,
            "[:else, 14, 32, 10, 32, 57]": 0
          },
          "[:unless, 15, 50, 6, 52, 9]": {
            "[:else, 16, 50, 6, 52, 9]": 0,
            "[:then, 17, 51, 8, 51, 86]": 0
          },
          "[:if, 18, 60, 8, 60, 72]": {
            "[:then, 19, 60, 8, 60, 12]": 0,
            "[:else, 20, 60, 8, 60, 72]": 0
          },
          "[:if, 21, 67, 8, 67, 46]": {
            "[:then, 22, 67, 8, 67, 24]": 0,
            "[:else, 23, 67, 8, 67, 46]": 0
          },
          "[:if, 24, 70, 8, 70, 46]": {
            "[:then, 25, 70, 8, 70, 24]": 0,
            "[:else, 26, 70, 8, 70, 46]": 0
          },
          "[:if, 27, 77, 6, 77, 34]": {
            "[:then, 28, 77, 6, 77, 15]": 0,
            "[:else, 29, 77, 6, 77, 34]": 0
          },
          "[:if, 30, 80, 6, 80, 31]": {
            "[:then, 31, 80, 6, 80, 15]": 0,
            "[:else, 32, 80, 6, 80, 31]": 0
          }
        }
      },
      "/home/lmafra/projects/SarradaHub/saturday_league_football/app/services/users/sync_from_identity_service.rb": {
        "lines": [
          null,
          null,
          1,
          1,
          1,
          0,
          null,
          null,
          1,
          0,
          null,
          0,
          0,
          null,
          0,
          null,
          0,
          0,
          0,
          0,
          0,
          0,
          null,
          null,
          0,
          null,
          0,
          null,
          0,
          0,
          0,
          null,
          null,
          1,
          null,
          1,
          null,
          1,
          0,
          0,
          0,
          null,
          0,
          null,
          null,
          null
        ],
        "branches": {
          "[:unless, 0, 10, 6, 10, 51]": {
            "[:else, 1, 10, 6, 10, 51]": 0,
            "[:then, 2, 10, 6, 10, 16]": 0
          },
          "[:unless, 3, 13, 6, 13, 44]": {
            "[:else, 4, 13, 6, 13, 44]": 0,
            "[:then, 5, 13, 6, 13, 16]": 0
          },
          "[:if, 6, 19, 4, 23, 7]": {
            "[:then, 7, 20, 6, 22, 43]": 0,
            "[:else, 8, 19, 4, 23, 7]": 0
          },
          "[:if, 9, 25, 6, 25, 33]": {
            "[:then, 10, 25, 6, 25, 16]": 0,
            "[:else, 11, 25, 6, 25, 33]": 0
          },
          "[:if, 12, 39, 6, 39, 72]": {
            "[:then, 13, 39, 6, 39, 17]": 0,
            "[:else, 14, 39, 6, 39, 72]": 0
          },
          "[:if, 15, 40, 6, 40, 70]": {
            "[:then, 16, 40, 6, 40, 17]": 0,
            "[:else, 17, 40, 6, 40, 70]": 0
          },
          "[:\"&.\", 18, 41, 21, 41, 53]": {
            "[:then, 19, 41, 21, 41, 53]": 0,
            "[:else, 20, 41, 21, 41, 53]": 0
          },
          "[:\"&.\", 21, 41, 57, 41, 88]": {
            "[:then, 22, 41, 57, 41, 88]": 0,
            "[:else, 23, 41, 57, 41, 88]": 0
          },
          "[:if, 24, 41, 6, 41, 88]": {
            "[:then, 25, 41, 6, 41, 17]": 0,
            "[:else, 26, 41, 6, 41, 88]": 0
          }
        }
      },
      "/home/lmafra/projects/SarradaHub/saturday_league_football/app/presenters/application_presenter.rb": {
        "lines": [
          null,
          null,
          1,
          1,
          0,
          null,
          null,
          1,
          null,
          1,
          null
        ],
        "branches": {}
      },
      "/home/lmafra/projects/SarradaHub/saturday_league_football/app/presenters/championship_presenter.rb": {
        "lines": [
          null,
          null,
          1,
          1,
          null,
          1,
          null,
          0,
          null,
          null,
          null,
          null,
          null,
          null,
          null,
          null,
          null,
          null,
          null,
          0,
          null,
          null,
          0,
          null,
          0,
          null,
          0,
          null,
          0,
          null,
          null,
          1,
          0,
          null,
          null,
          1,
          0,
          null,
          null,
          1,
          0,
          null,
          null,
          1,
          null,
          null,
          0,
          0,
          0,
          null,
          0,
          null,
          null,
          null,
          0,
          null,
          null,
          1,
          null,
          1,
          0,
          null,
          null,
          1,
          0,
          null,
          null
        ],
        "branches": {
          "[:if, 0, 20, 4, 20, 108]": {
            "[:then, 1, 20, 4, 20, 39]": 0,
            "[:else, 2, 20, 4, 20, 108]": 0
          },
          "[:if, 3, 27, 4, 27, 62]": {
            "[:then, 4, 27, 4, 27, 41]": 0,
            "[:else, 5, 27, 4, 27, 62]": 0
          },
          "[:if, 6, 47, 4, 52, 7]": {
            "[:then, 7, 48, 6, 51, 50]": 0,
            "[:else, 8, 47, 4, 52, 7]": 0
          },
          "[:if, 9, 49, 8, 49, 98]": {
            "[:then, 10, 49, 52, 49, 93]": 0,
            "[:else, 11, 49, 96, 49, 98]": 0
          },
          "[:if, 12, 51, 6, 51, 50]": {
            "[:then, 13, 51, 6, 51, 27]": 0,
            "[:else, 14, 51, 6, 51, 50]": 0
          },
          "[:if, 15, 4, 67, 4, 188]": {
            "[:then, 16, 4, 98, 4, 165]": 0,
            "[:else, 17, 4, 172, 4, 182]": 0
          },
          "[:if, 18, 4, 264, 4, 389]": {
            "[:then, 19, 4, 297, 4, 366]": 0,
            "[:else, 20, 4, 373, 4, 383]": 0
          },
          "[:if, 21, 4, 479, 4, 618]": {
            "[:then, 22, 4, 519, 4, 595]": 0,
            "[:else, 23, 4, 602, 4, 612]": 0
          },
          "[:if, 24, 4, 726, 4, 883]": {
            "[:then, 25, 4, 775, 4, 860]": 0,
            "[:else, 26, 4, 867, 4, 877]": 0
          },
          "[:if, 27, 4, 991, 4, 1148]": {
            "[:then, 28, 4, 1040, 4, 1125]": 0,
            "[:else, 29, 4, 1132, 4, 1142]": 0
          },
          "[:if, 30, 4, 1236, 4, 1373]": {
            "[:then, 31, 4, 1275, 4, 1350]": 0,
            "[:else, 32, 4, 1357, 4, 1367]": 0
          },
          "[:if, 33, 4, 1461, 4, 1598]": {
            "[:then, 34, 4, 1500, 4, 1575]": 0,
            "[:else, 35, 4, 1582, 4, 1592]": 0
          }
        }
      },
      "/home/lmafra/projects/SarradaHub/saturday_league_football/app/presenters/championship_summary_presenter.rb": {
        "lines": [
          null,
          null,
          1,
          1,
          null,
          1,
          null,
          0,
          null,
          null,
          null,
          null,
          null,
          null,
          null,
          null,
          null,
          1,
          null,
          1,
          0,
          null,
          null,
          1,
          0,
          null,
          null
        ],
        "branches": {
          "[:if, 0, 4, 67, 4, 188]": {
            "[:then, 1, 4, 98, 4, 165]": 0,
            "[:else, 2, 4, 172, 4, 182]": 0
          },
          "[:if, 3, 4, 264, 4, 389]": {
            "[:then, 4, 4, 297, 4, 366]": 0,
            "[:else, 5, 4, 373, 4, 383]": 0
          },
          "[:if, 6, 4, 497, 4, 654]": {
            "[:then, 7, 4, 546, 4, 631]": 0,
            "[:else, 8, 4, 638, 4, 648]": 0
          },
          "[:if, 9, 4, 762, 4, 919]": {
            "[:then, 10, 4, 811, 4, 896]": 0,
            "[:else, 11, 4, 903, 4, 913]": 0
          },
          "[:if, 12, 4, 1007, 4, 1144]": {
            "[:then, 13, 4, 1046, 4, 1121]": 0,
            "[:else, 14, 4, 1128, 4, 1138]": 0
          }
        }
      },
      "/home/lmafra/projects/SarradaHub/saturday_league_football/app/presenters/match_presenter.rb": {
        "lines": [
          null,
          null,
          1,
          1,
          null,
          0,
          null,
          null,
          null,
          null,
          null,
          null,
          null,
          null,
          null,
          null,
          null,
          null,
          null,
          null,
          null,
          null,
          null,
          null,
          null,
          null,
          null,
          null,
          null,
          null,
          1,
          null,
          1,
          0,
          null,
          null,
          1,
          0,
          null,
          null,
          1,
          0,
          null,
          null,
          1,
          0,
          null,
          null,
          1,
          0,
          null,
          null,
          1,
          0,
          null,
          null,
          1,
          0,
          null,
          null,
          1,
          0,
          null,
          null,
          1,
          0,
          null,
          null,
          1,
          0,
          null,
          null,
          1,
          0,
          null,
          null,
          1,
          0,
          null,
          null,
          1,
          0,
          null,
          null,
          1,
          0,
          null,
          null,
          1,
          0,
          null,
          null,
          1,
          null,
          1,
          0,
          null,
          null,
          1,
          null,
          0,
          null,
          null,
          null,
          null,
          null,
          1,
          0,
          null,
          0,
          0,
          null,
          null,
          null,
          1,
          0,
          null,
          null,
          1,
          0,
          null,
          null,
          1,
          null,
          0,
          null,
          null,
          1,
          0,
          null,
          null,
          1,
          0,
          null,
          null,
          1,
          null,
          0,
          null,
          null,
          1,
          0,
          null,
          null,
          1,
          0,
          null,
          null,
          null,
          1,
          0,
          null,
          0,
          0,
          0,
          null,
          0,
          null,
          null
        ],
        "branches": {
          "[:if, 0, 108, 4, 108, 28]": {
            "[:then, 1, 108, 4, 108, 13]": 0,
            "[:else, 2, 108, 4, 108, 28]": 0
          },
          "[:if, 3, 151, 4, 151, 42]": {
            "[:then, 4, 151, 4, 151, 13]": 0,
            "[:else, 5, 151, 4, 151, 42]": 0
          },
          "[:if, 6, 31, 67, 31, 188]": {
            "[:then, 7, 31, 98, 31, 165]": 0,
            "[:else, 8, 31, 172, 31, 182]": 0
          },
          "[:if, 9, 31, 264, 31, 389]": {
            "[:then, 10, 31, 297, 31, 366]": 0,
            "[:else, 11, 31, 373, 31, 383]": 0
          },
          "[:if, 12, 31, 473, 31, 606]": {
            "[:then, 13, 31, 510, 31, 583]": 0,
            "[:else, 14, 31, 590, 31, 600]": 0
          },
          "[:if, 15, 31, 682, 31, 807]": {
            "[:then, 16, 31, 715, 31, 784]": 0,
            "[:else, 17, 31, 791, 31, 801]": 0
          },
          "[:if, 18, 31, 895, 31, 1032]": {
            "[:then, 19, 31, 934, 31, 1009]": 0,
            "[:else, 20, 31, 1016, 31, 1026]": 0
          },
          "[:if, 21, 31, 1120, 31, 1257]": {
            "[:then, 22, 31, 1159, 31, 1234]": 0,
            "[:else, 23, 31, 1241, 31, 1251]": 0
          }
        }
      },
      "/home/lmafra/projects/SarradaHub/saturday_league_football/app/presenters/match_statistics_presenter.rb": {
        "lines": [
          null,
          null,
          1,
          1,
          null,
          0,
          null,
          null,
          null,
          null,
          1,
          null,
          0,
          null,
          null,
          null,
          null,
          null,
          null,
          null,
          null,
          1,
          0,
          null,
          0,
          0,
          0,
          0,
          null,
          null,
          1,
          0,
          null,
          0,
          0,
          0,
          0,
          null,
          null,
          1,
          0,
          null,
          0,
          0,
          0,
          0,
          null,
          null,
          1,
          0,
          null,
          0,
          0,
          0,
          null,
          null,
          null,
          1,
          null,
          1,
          0,
          null,
          0,
          null,
          null,
          1,
          0,
          null,
          0,
          null,
          null,
          1,
          0,
          null,
          0,
          0,
          0,
          0,
          null,
          null,
          1,
          0,
          0,
          null,
          null,
          1,
          0,
          null,
          0,
          0,
          0,
          null,
          null,
          null
        ],
        "branches": {
          "[:if, 0, 23, 4, 23, 28]": {
            "[:then, 1, 23, 4, 23, 13]": 0,
            "[:else, 2, 23, 4, 23, 28]": 0
          },
          "[:if, 3, 32, 4, 32, 28]": {
            "[:then, 4, 32, 4, 32, 13]": 0,
            "[:else, 5, 32, 4, 32, 28]": 0
          },
          "[:if, 6, 41, 4, 41, 28]": {
            "[:then, 7, 41, 4, 41, 13]": 0,
            "[:else, 8, 41, 4, 41, 28]": 0
          },
          "[:if, 9, 50, 4, 50, 28]": {
            "[:then, 10, 50, 4, 50, 13]": 0,
            "[:else, 11, 50, 4, 50, 28]": 0
          },
          "[:if, 12, 61, 4, 61, 27]": {
            "[:then, 13, 61, 4, 61, 12]": 0,
            "[:else, 14, 61, 4, 61, 27]": 0
          },
          "[:if, 15, 67, 4, 67, 27]": {
            "[:then, 16, 67, 4, 67, 12]": 0,
            "[:else, 17, 67, 4, 67, 27]": 0
          },
          "[:if, 18, 73, 4, 73, 28]": {
            "[:then, 19, 73, 4, 73, 13]": 0,
            "[:else, 20, 73, 4, 73, 28]": 0
          },
          "[:if, 21, 87, 4, 87, 28]": {
            "[:then, 22, 87, 4, 87, 13]": 0,
            "[:else, 23, 87, 4, 87, 28]": 0
          }
        }
      },
      "/home/lmafra/projects/SarradaHub/saturday_league_football/app/presenters/match_summary_presenter.rb": {
        "lines": [
          null,
          null,
          1,
          1,
          null,
          1,
          null,
          0,
          null,
          null,
          null,
          null,
          null,
          null,
          null,
          null,
          null,
          null,
          null,
          null,
          null,
          null,
          1,
          null,
          1,
          0,
          null,
          null,
          1,
          0,
          null,
          null,
          1,
          0,
          null,
          0,
          0,
          0,
          null,
          0,
          null,
          0,
          null,
          null,
          1,
          0,
          null,
          null,
          1,
          0,
          null,
          null
        ],
        "branches": {
          "[:if, 0, 34, 4, 34, 30]": {
            "[:then, 1, 34, 4, 34, 12]": 0,
            "[:else, 2, 34, 4, 34, 30]": 0
          },
          "[:if, 3, 37, 25, 41, 28]": {
            "[:then, 4, 38, 27, 38, 28]": 0,
            "[:else, 5, 40, 27, 40, 104]": 0
          },
          "[:\"&.\", 6, 46, 4, 46, 25]": {
            "[:then, 7, 46, 4, 46, 25]": 0,
            "[:else, 8, 46, 4, 46, 25]": 0
          },
          "[:\"&.\", 9, 50, 4, 50, 25]": {
            "[:then, 10, 50, 4, 50, 25]": 0,
            "[:else, 11, 50, 4, 50, 25]": 0
          },
          "[:if, 12, 4, 67, 4, 188]": {
            "[:then, 13, 4, 98, 4, 165]": 0,
            "[:else, 14, 4, 172, 4, 182]": 0
          },
          "[:if, 15, 4, 264, 4, 389]": {
            "[:then, 16, 4, 297, 4, 366]": 0,
            "[:else, 17, 4, 373, 4, 383]": 0
          },
          "[:if, 18, 4, 473, 4, 606]": {
            "[:then, 19, 4, 510, 4, 583]": 0,
            "[:else, 20, 4, 590, 4, 600]": 0
          },
          "[:if, 21, 4, 692, 4, 827]": {
            "[:then, 22, 4, 730, 4, 804]": 0,
            "[:else, 23, 4, 811, 4, 821]": 0
          },
          "[:if, 24, 4, 913, 4, 1048]": {
            "[:then, 25, 4, 951, 4, 1025]": 0,
            "[:else, 26, 4, 1032, 4, 1042]": 0
          },
          "[:if, 27, 4, 1146, 4, 1293]": {
            "[:then, 28, 4, 1190, 4, 1270]": 0,
            "[:else, 29, 4, 1277, 4, 1287]": 0
          },
          "[:if, 30, 4, 1369, 4, 1494]": {
            "[:then, 31, 4, 1402, 4, 1471]": 0,
            "[:else, 32, 4, 1478, 4, 1488]": 0
          },
          "[:if, 33, 4, 1582, 4, 1719]": {
            "[:then, 34, 4, 1621, 4, 1696]": 0,
            "[:else, 35, 4, 1703, 4, 1713]": 0
          }
        }
      },
      "/home/lmafra/projects/SarradaHub/saturday_league_football/app/presenters/player_presenter.rb": {
        "lines": [
          null,
          null,
          1,
          1,
          1,
          null,
          1,
          null,
          0,
          null,
          null,
          null,
          null,
          null,
          null,
          null,
          null,
          null,
          null,
          null,
          null,
          null,
          0,
          null,
          null,
          0,
          null,
          0,
          null,
          null,
          1,
          0,
          0,
          0,
          0,
          0,
          null,
          0,
          null,
          null,
          null,
          null,
          1,
          0,
          null,
          null,
          1,
          0,
          null,
          null,
          1,
          0,
          null,
          null,
          1,
          0,
          null,
          null,
          1,
          0,
          0,
          0,
          0,
          null,
          0,
          null,
          null,
          0,
          null,
          0,
          null,
          null,
          1,
          null,
          1,
          0,
          null,
          null,
          1,
          0,
          null,
          null
        ],
        "branches": {
          "[:unless, 0, 23, 4, 23, 68]": {
            "[:else, 1, 23, 4, 23, 68]": 0,
            "[:then, 2, 23, 4, 23, 39]": 0
          },
          "[:unless, 3, 26, 4, 26, 79]": {
            "[:else, 4, 26, 4, 26, 79]": 0,
            "[:then, 5, 26, 4, 26, 44]": 0
          },
          "[:if, 6, 33, 6, 39, 9]": {
            "[:then, 7, 34, 8, 34, 56]": 0,
            "[:else, 8, 35, 6, 38, 28]": 0
          },
          "[:if, 9, 35, 6, 38, 28]": {
            "[:then, 10, 36, 8, 36, 23]": 0,
            "[:else, 11, 38, 8, 38, 28]": 0
          },
          "[:if, 12, 44, 22, 44, 118]": {
            "[:then, 13, 44, 68, 44, 89]": 0,
            "[:else, 14, 44, 92, 44, 118]": 0
          },
          "[:if, 15, 60, 15, 66, 7]": {
            "[:then, 16, 61, 17, 61, 66]": 0,
            "[:else, 17, 62, 4, 65, 42]": 0
          },
          "[:if, 18, 62, 4, 65, 42]": {
            "[:then, 19, 63, 17, 63, 54]": 0,
            "[:else, 20, 65, 17, 65, 42]": 0
          },
          "[:if, 21, 68, 4, 68, 31]": {
            "[:then, 22, 68, 4, 68, 12]": 0,
            "[:else, 23, 68, 4, 68, 31]": 0
          },
          "[:if, 24, 4, 67, 4, 188]": {
            "[:then, 25, 4, 98, 4, 165]": 0,
            "[:else, 26, 4, 172, 4, 182]": 0
          },
          "[:if, 27, 4, 280, 4, 421]": {
            "[:then, 28, 4, 321, 4, 398]": 0,
            "[:else, 29, 4, 405, 4, 415]": 0
          },
          "[:if, 30, 4, 509, 4, 646]": {
            "[:then, 31, 4, 548, 4, 623]": 0,
            "[:else, 32, 4, 630, 4, 640]": 0
          },
          "[:if, 33, 4, 734, 4, 871]": {
            "[:then, 34, 4, 773, 4, 848]": 0,
            "[:else, 35, 4, 855, 4, 865]": 0
          }
        }
      },
      "/home/lmafra/projects/SarradaHub/saturday_league_football/app/presenters/player_summary_presenter.rb": {
        "lines": [
          null,
          null,
          1,
          1,
          null,
          1,
          null,
          0,
          null,
          null,
          null,
          null,
          null,
          null,
          null,
          null,
          null,
          1,
          null,
          1,
          0,
          null,
          null,
          1,
          0,
          null,
          null,
          1,
          0,
          null,
          null,
          1,
          0,
          0,
          null,
          0,
          null,
          null
        ],
        "branches": {
          "[:if, 0, 34, 4, 34, 31]": {
            "[:then, 1, 34, 4, 34, 12]": 0,
            "[:else, 2, 34, 4, 34, 31]": 0
          },
          "[:if, 3, 4, 67, 4, 188]": {
            "[:then, 4, 4, 98, 4, 165]": 0,
            "[:else, 5, 4, 172, 4, 182]": 0
          },
          "[:if, 6, 4, 280, 4, 421]": {
            "[:then, 7, 4, 321, 4, 398]": 0,
            "[:else, 8, 4, 405, 4, 415]": 0
          },
          "[:if, 9, 4, 509, 4, 646]": {
            "[:then, 10, 4, 548, 4, 623]": 0,
            "[:else, 11, 4, 630, 4, 640]": 0
          }
        }
      },
      "/home/lmafra/projects/SarradaHub/saturday_league_football/app/presenters/round_presenter.rb": {
        "lines": [
          null,
          null,
          1,
          1,
          null,
          1,
          null,
          0,
          null,
          null,
          null,
          null,
          null,
          null,
          null,
          null,
          0,
          0,
          0,
          0,
          null,
          null,
          0,
          null,
          null,
          1,
          0,
          null,
          null,
          1,
          0,
          null,
          null,
          1,
          0,
          null,
          null,
          1,
          0,
          null,
          null,
          1,
          0,
          null,
          null,
          1,
          null,
          1,
          0,
          null,
          null,
          1,
          0,
          0,
          null,
          null,
          null,
          null,
          null,
          null,
          null,
          1,
          0,
          null,
          null,
          1,
          0,
          null,
          null
        ],
        "branches": {
[...]
          null,
          null,
          1,
          0,
          null,
          null,
          null,
          null
        ],
        "branches": {
          "[:if, 0, 10, 30, 10, 100]": {
            "[:then, 1, 10, 50, 10, 89]": 0,
            "[:else, 2, 10, 92, 10, 100]": 0
          },
          "[:if, 3, 37, 8, 41, 11]": {
            "[:then, 4, 38, 10, 38, 73]": 0,
            "[:else, 5, 40, 10, 40, 67]": 0
          },
          "[:if, 6, 51, 18, 51, 120]": {
            "[:then, 7, 51, 74, 51, 108]": 0,
            "[:else, 8, 51, 111, 51, 120]": 0
          },
          "[:if, 9, 45, 8, 49, 11]": {
            "[:then, 10, 46, 10, 46, 55]": 0,
            "[:else, 11, 48, 10, 48, 67]": 0
          }
        }
      },
      "/home/lmafra/projects/SarradaHub/saturday_league_football/app/domain/league_engine/engine.rb": {
        "lines": [
          null,
          null,
          1,
          null,
          null,
          null,
          null,
          null,
          1,
          1,
          null,
          null,
          null,
          null,
          1,
          0,
          null,
          null,
          null,
          null,
          null,
          null,
          null,
          null,
          null,
          1,
          0,
          null,
          null,
          null,
          null,
          null,
          1,
          0,
          null,
          null,
          null,
          null,
          null,
          null,
          1,
          0,
          null,
          null,
          null,
          null,
          null,
          1,
          0,
          null,
          null,
          null,
          null,
          null,
          null,
          null,
          null,
          null,
          null,
          null,
          1,
          0,
          null,
          null,
          null,
          null,
          null,
          null,
          1,
          0,
          null,
          null,
          null,
          null,
          null,
          null,
          null,
          null,
          null,
          null,
          1,
          0,
          null,
          null,
          null,
          null,
          null
        ],
        "branches": {}
      },
      "/home/lmafra/projects/SarradaHub/saturday_league_football/app/domain/league_engine/match_sequence.rb": {
        "lines": [
          null,
          null,
          1,
          null,
          null,
          null,
          1,
          1,
          null,
          1,
          0,
          null,
          null,
          null,
          1,
          0,
          0,
          null,
          null,
          null,
          1,
          0,
          null,
          null,
          null,
          null,
          1,
          0,
          null,
          null,
          1,
          null,
          1,
          null,
          1,
          0,
          null,
          null,
          null,
          null,
          null,
          null,
          null,
          null
        ],
        "branches": {}
      },
      "/home/lmafra/projects/SarradaHub/saturday_league_football/app/domain/league_engine/rules/goalkeeper_rule.rb": {
        "lines": [
          null,
          null,
          1,
          1,
          null,
          null,
          null,
          null,
          null,
          1,
          1,
          0,
          null,
          null,
          1,
          0,
          null,
          null,
          1,
          0,
          0,
          null,
          null,
          null,
          1,
          null,
          1,
          null,
          1,
          0,
          null,
          null,
          1,
          0,
          null,
          null,
          1,
          0,
          0,
          null,
          0,
          0,
          null,
          null,
          null,
          1,
          0,
          0,
          null,
          null,
          1,
          0,
          null,
          null,
          null,
          null,
          null
        ],
        "branches": {
          "[:unless, 0, 39, 10, 39, 53]": {
            "[:else, 1, 39, 10, 39, 53]": 0,
            "[:then, 2, 39, 10, 39, 20]": 0
          },
          "[:if, 3, 47, 15, 47, 47]": {
            "[:then, 4, 47, 33, 47, 36]": 0,
            "[:else, 5, 47, 39, 47, 47]": 0
          }
        }
      },
      "/home/lmafra/projects/SarradaHub/saturday_league_football/app/helpers/championships_helper.rb": {
        "lines": [
          null,
          null,
          1,
          null
        ],
        "branches": {}
      },
      "/home/lmafra/projects/SarradaHub/saturday_league_football/app/helpers/homepage_helper.rb": {
        "lines": [
          null,
          null,
          1,
          null
        ],
        "branches": {}
      },
      "/home/lmafra/projects/SarradaHub/saturday_league_football/app/helpers/matches_helper.rb": {
        "lines": [
          null,
          null,
          1,
          null
        ],
        "branches": {}
      },
      "/home/lmafra/projects/SarradaHub/saturday_league_football/app/helpers/player_stats_helper.rb": {
        "lines": [
          null,
          null,
          1,
          null
        ],
        "branches": {}
      },
      "/home/lmafra/projects/SarradaHub/saturday_league_football/app/helpers/players_helper.rb": {
        "lines": [
          null,
          null,
          1,
          null
        ],
        "branches": {}
      },
      "/home/lmafra/projects/SarradaHub/saturday_league_football/app/helpers/rounds_helper.rb": {
        "lines": [
          null,
          null,
          1,
          null
        ],
        "branches": {}
      },
      "/home/lmafra/projects/SarradaHub/saturday_league_football/app/helpers/teams_helper.rb": {
        "lines": [
          null,
          null,
          1,
          null
        ],
        "branches": {}
      },
      "/home/lmafra/projects/SarradaHub/saturday_league_football/app/jobs/application_job.rb": {
        "lines": [
          null,
          null,
          1,
          null,
          null,
          null,
          null,
          null,
          null
        ],
        "branches": {}
      },
      "/home/lmafra/projects/SarradaHub/saturday_league_football/app/mailers/application_mailer.rb": {
        "lines": [
          null,
          null,
          1,
          1,
          1,
          null
        ],
        "branches": {}
      },
      "/home/lmafra/projects/SarradaHub/saturday_league_football/app/models/championship.rb": {
        "lines": [
          null,
          null,
          1,
          1,
          null,
          1,
          null,
          1,
          1,
          1,
          null,
          1,
          1,
          1,
          null,
          null,
          1,
          null,
          null,
          1,
          null,
          1,
          0,
          null,
          null,
          null,
          null,
          1,
          null,
          1,
          null,
          1,
          0,
          null,
          0,
          null,
          0,
          null,
          null,
          1,
          0,
          null,
          null
        ],
        "branches": {
          "[:if, 0, 33, 4, 33, 68]": {
            "[:then, 1, 33, 4, 33, 10]": 0,
            "[:else, 2, 33, 4, 33, 68]": 0
          },
          "[:unless, 3, 35, 4, 35, 61]": {
            "[:else, 4, 35, 4, 35, 61]": 0,
            "[:then, 5, 35, 4, 35, 10]": 0
          }
        }
      },
      "/home/lmafra/projects/SarradaHub/saturday_league_football/app/models/match.rb": {
        "lines": [
          null,
          null,
          1,
          1,
          null,
          1,
          1,
          1,
          1,
          1,
          null,
          1,
          null,
          1,
          null,
          1,
          null,
          1,
          null,
          0,
          null,
          0,
          null,
          null,
          0,
          null,
          null,
          0,
          null,
          null,
          null,
          0,
          null,
          null,
          null,
          null,
          1,
          0,
          0,
          0,
          0,
          null,
          null,
          null,
          0,
          null,
          null,
          0,
          0,
          null,
          0,
          null,
          null,
          null,
          null
        ],
        "branches": {
          "[:\"&.\", 0, 20, 35, 20, 52]": {
            "[:then, 1, 20, 35, 20, 52]": 0,
            "[:else, 2, 20, 35, 20, 52]": 0
          },
          "[:\"&.\", 3, 20, 56, 20, 86]": {
            "[:then, 4, 20, 56, 20, 86]": 0,
            "[:else, 5, 20, 56, 20, 86]": 0
          },
          "[:if, 6, 20, 4, 33, 7]": {
            "[:then, 7, 22, 6, 32, 33]": 0,
            "[:else, 8, 20, 4, 33, 7]": 0
          },
          "[:if, 9, 22, 6, 30, 9]": {
            "[:then, 10, 25, 10, 28, 98]": 0,
            "[:else, 11, 22, 6, 30, 9]": 0
          },
          "[:if, 12, 38, 4, 38, 34]": {
            "[:then, 13, 38, 4, 38, 10]": 0,
            "[:else, 14, 38, 4, 38, 34]": 0
          },
          "[:unless, 15, 39, 4, 39, 35]": {
            "[:else, 16, 39, 4, 39, 35]": 0,
            "[:then, 17, 39, 4, 39, 10]": 0
          },
          "[:if, 18, 40, 4, 40, 38]": {
            "[:then, 19, 40, 4, 40, 10]": 0,
            "[:else, 20, 40, 4, 40, 38]": 0
          },
          "[:\"&.\", 21, 41, 14, 41, 31]": {
            "[:then, 22, 41, 14, 41, 31]": 0,
            "[:else, 23, 41, 14, 41, 31]": 0
          },
          "[:\"&.\", 24, 41, 35, 41, 65]": {
            "[:then, 25, 41, 35, 41, 65]": 0,
            "[:else, 26, 41, 35, 41, 65]": 0
          },
          "[:if, 27, 41, 4, 41, 65]": {
            "[:then, 28, 41, 4, 41, 10]": 0,
            "[:else, 29, 41, 4, 41, 65]": 0
          },
          "[:if, 30, 48, 6, 52, 9]": {
            "[:then, 31, 49, 8, 49, 96]": 0,
            "[:else, 32, 51, 8, 51, 13]": 0
          },
          "[:if, 33, 45, 6, 45, 30]": {
            "[:then, 34, 45, 6, 45, 11]": 0,
            "[:else, 35, 45, 6, 45, 30]": 0
          }
        }
      },
      "/home/lmafra/projects/SarradaHub/saturday_league_football/app/models/round.rb": {
        "lines": [
          null,
          null,
          1,
          1,
          null,
          1,
          1,
          1,
          1,
          1,
          1,
          null,
          1,
          1,
          null,
          1,
          null,
          1,
          0,
          null,
          null,
          null,
          1,
          0,
          null,
          0,
          0,
          null,
          null
        ],
        "branches": {
          "[:unless, 0, 24, 4, 24, 33]": {
            "[:else, 1, 24, 4, 24, 33]": 0,
            "[:then, 2, 24, 4, 24, 10]": 0
          }
        }
      },
      "/home/lmafra/projects/SarradaHub/saturday_league_football/app/models/player.rb": {
        "lines": [
          null,
          null,
          1,
          1,
          null,
          1,
          1,
          1,
          1,
          1,
          1,
          1,
          1,
          null,
          1,
          1,
          1,
          null,
          1,
          0,
          null,
          null,
          null,
          null,
          1,
          0,
          0,
          null,
          null,
          1,
          null,
          1,
          0,
          0,
          0,
          null,
          null,
          1,
          0,
          0,
          null,
          null,
          1,
          0,
          0,
          null,
          null
        ],
        "branches": {
          "[:if, 0, 39, 4, 39, 76]": {
            "[:then, 1, 39, 4, 39, 10]": 0,
            "[:else, 2, 39, 4, 39, 76]": 0
          }
        }
      },
      "/home/lmafra/projects/SarradaHub/saturday_league_football/app/models/player_round.rb": {
        "lines": [
          null,
          null,
          1,
          1,
          null,
          1,
          1,
          null,
          1,
          null,
          1,
          1,
          1,
          1,
          null,
          1,
          null,
          1,
          0,
          0,
          0,
          0,
          null,
          0,
          0,
          null,
          0,
          null,
          null,
          null,
          1,
          0,
          0,
          0,
          null,
          0,
          null,
          null,
          1,
          0,
          null,
          null,
          1,
          0,
          0,
          0,
          null,
          0,
          0,
          0,
          null,
          0,
          null,
          null
        ],
        "branches": {
          "[:if, 0, 19, 4, 19, 38]": {
            "[:then, 1, 19, 4, 19, 10]": 0,
            "[:else, 2, 19, 4, 19, 38]": 0
          },
          "[:unless, 3, 20, 4, 20, 32]": {
            "[:else, 4, 20, 4, 20, 32]": 0,
            "[:then, 5, 20, 4, 20, 10]": 0
          },
          "[:if, 6, 21, 4, 21, 63]": {
            "[:then, 7, 21, 4, 21, 10]": 0,
            "[:else, 8, 21, 4, 21, 63]": 0
          },
          "[:if, 9, 22, 4, 22, 63]": {
            "[:then, 10, 22, 4, 22, 10]": 0,
            "[:else, 11, 22, 4, 22, 63]": 0
          },
          "[:if, 12, 24, 4, 28, 7]": {
            "[:then, 13, 25, 6, 25, 74]": 0,
            "[:else, 14, 27, 6, 27, 44]": 0
          },
          "[:if, 15, 32, 4, 32, 38]": {
            "[:then, 16, 32, 4, 32, 10]": 0,
            "[:else, 17, 32, 4, 32, 38]": 0
          },
          "[:unless, 18, 33, 4, 33, 32]": {
            "[:else, 19, 33, 4, 33, 32]": 0,
            "[:then, 20, 33, 4, 33, 10]": 0
          },
          "[:if, 21, 34, 4, 34, 63]": {
            "[:then, 22, 34, 4, 34, 10]": 0,
            "[:else, 23, 34, 4, 34, 63]": 0
          },
          "[:if, 24, 44, 4, 44, 38]": {
            "[:then, 25, 44, 4, 44, 10]": 0,
            "[:else, 26, 44, 4, 44, 38]": 0
          },
          "[:unless, 27, 45, 4, 45, 32]": {
            "[:else, 28, 45, 4, 45, 32]": 0,
            "[:then, 29, 45, 4, 45, 10]": 0
          },
          "[:if, 30, 46, 4, 46, 63]": {
            "[:then, 31, 46, 4, 46, 10]": 0,
            "[:else, 32, 46, 4, 46, 63]": 0
          },
          "[:unless, 33, 49, 4, 49, 39]": {
            "[:else, 34, 49, 4, 49, 39]": 0,
            "[:then, 35, 49, 4, 49, 10]": 0
          },
          "[:if, 36, 50, 4, 50, 77]": {
            "[:then, 37, 50, 4, 50, 10]": 0,
            "[:else, 38, 50, 4, 50, 77]": 0
          }
        }
      },
      "/home/lmafra/projects/SarradaHub/saturday_league_football/app/models/player_stat.rb": {
        "lines": [
          null,
          null,
          1,
          1,
          null,
          1,
          1,
          1,
          null,
          1,
          1,
          1,
          1,
          1,
          1,
          1,
          null,
          null,
          null,
          null,
          null,
          null,
          1,
          null,
          1,
          0,
          null,
          0,
          0,
          0,
          null,
          0,
          null,
          null,
          1,
          0,
          null,
          0,
          null,
          null,
          1,
          0,
          0,
          0,
          null,
          null,
          1,
          0,
          0,
          0,
          null,
          null,
          1,
          0,
          null,
          0,
          0,
          null,
          0,
          0,
          null,
          null,
          null
        ],
        "branches": {
          "[:if, 0, 26, 4, 26, 32]": {
            "[:then, 1, 26, 4, 26, 10]": 0,
            "[:else, 2, 26, 4, 26, 32]": 0
          },
          "[:if, 3, 30, 4, 30, 40]": {
            "[:then, 4, 30, 4, 30, 10]": 0,
            "[:else, 5, 30, 4, 30, 40]": 0
          },
          "[:unless, 6, 36, 4, 36, 68]": {
            "[:else, 7, 36, 4, 36, 68]": 0,
            "[:then, 8, 36, 4, 36, 10]": 0
          },
          "[:if, 9, 43, 4, 43, 49]": {
            "[:then, 10, 43, 4, 43, 35]": 0,
            "[:else, 11, 43, 4, 43, 49]": 0
          },
          "[:if, 12, 49, 4, 49, 49]": {
            "[:then, 13, 49, 4, 49, 35]": 0,
            "[:else, 14, 49, 4, 49, 49]": 0
          },
          "[:unless, 15, 54, 4, 54, 40]": {
            "[:else, 16, 54, 4, 54, 40]": 0,
            "[:then, 17, 54, 4, 54, 10]": 0
          },
          "[:if, 18, 57, 4, 57, 73]": {
            "[:then, 19, 57, 4, 57, 59]": 0,
            "[:else, 20, 57, 4, 57, 73]": 0
          },
          "[:if, 21, 59, 4, 61, 7]": {
            "[:then, 22, 60, 6, 60, 62]": 0,
            "[:else, 23, 59, 4, 61, 7]": 0
          }
        }
      },
      "/home/lmafra/projects/SarradaHub/saturday_league_football/app/models/player_team.rb": {
        "lines": [
          null,
          null,
          1,
          1,
          null,
          1,
          1,
          null,
          1,
          1,
          null,
          1,
          null,
          1,
          0,
          null,
          0,
          0,
          null,
          0,
          0,
          null,
          0,
          0,
          null,
          0,
          null,
          null,
          1,
          0,
          0,
          0,
          null,
          0,
          0,
          null,
          0,
          0,
          null,
          0,
          0,
          null,
          0,
          0,
          null,
          null
        ],
        "branches": {
          "[:unless, 0, 15, 4, 15, 31]": {
            "[:else, 1, 15, 4, 15, 31]": 0,
            "[:then, 2, 15, 4, 15, 10]": 0
          },
          "[:\"&.\", 3, 17, 19, 17, 43]": {
            "[:then, 4, 17, 19, 17, 43]": 0,
            "[:else, 5, 17, 19, 17, 43]": 0
          },
          "[:unless, 6, 18, 4, 18, 39]": {
            "[:else, 7, 18, 4, 18, 39]": 0,
            "[:then, 8, 18, 4, 18, 10]": 0
          },
          "[:unless, 9, 21, 4, 21, 31]": {
            "[:else, 10, 21, 4, 21, 31]": 0,
            "[:then, 11, 21, 4, 21, 10]": 0
          },
          "[:if, 12, 24, 4, 24, 32]": {
            "[:then, 13, 24, 4, 24, 10]": 0,
            "[:else, 14, 24, 4, 24, 32]": 0
          },
          "[:if, 15, 30, 4, 30, 38]": {
            "[:then, 16, 30, 4, 30, 10]": 0,
            "[:else, 17, 30, 4, 30, 38]": 0
          },
          "[:unless, 18, 31, 4, 31, 31]": {
            "[:else, 19, 31, 4, 31, 31]": 0,
            "[:then, 20, 31, 4, 31, 10]": 0
          },
          "[:if, 21, 32, 4, 32, 30]": {
            "[:then, 22, 32, 4, 32, 10]": 0,
            "[:else, 23, 32, 4, 32, 30]": 0
          },
          "[:\"&.\", 24, 34, 19, 34, 43]": {
            "[:then, 25, 34, 19, 34, 43]": 0,
            "[:else, 26, 34, 19, 34, 43]": 0
          },
          "[:unless, 27, 35, 4, 35, 39]": {
            "[:else, 28, 35, 4, 35, 39]": 0,
            "[:then, 29, 35, 4, 35, 10]": 0
          },
          "[:unless, 30, 38, 4, 38, 31]": {
            "[:else, 31, 38, 4, 38, 31]": 0,
            "[:then, 32, 38, 4, 38, 10]": 0
          },
          "[:unless, 33, 41, 4, 41, 37]": {
            "[:else, 34, 41, 4, 41, 37]": 0,
            "[:then, 35, 41, 4, 41, 10]": 0
          }
        }
      },
      "/home/lmafra/projects/SarradaHub/saturday_league_football/app/models/team.rb": {
        "lines": [
          null,
          null,
          1,
          1,
          null,
          1,
          1,
          1,
          1,
          1,
          1,
          1,
          null,
          1,
          null,
          1,
          null,
          1,
          null,
          null,
          1,
          0,
          null,
          null
        ],
        "branches": {}
      }
    },
    "timestamp": 1771879992
  }
}
