{
  "RSpec": {
    "coverage": {
      "/app/app/helpers/application_helper.rb": {
        "lines": [
          null,
          null,
          1,
          null
        ],
        "branches": {}
      },
      "/app/app/helpers/championships_helper.rb": {
        "lines": [
          null,
          null,
          1,
          null
        ],
        "branches": {}
      },
      "/app/app/helpers/homepage_helper.rb": {
        "lines": [
          null,
          null,
          1,
          null
        ],
        "branches": {}
      },
      "/app/app/helpers/matches_helper.rb": {
        "lines": [
          null,
          null,
          1,
          null
        ],
        "branches": {}
      },
      "/app/app/helpers/player_stats_helper.rb": {
        "lines": [
          null,
          null,
          1,
          null
        ],
        "branches": {}
      },
      "/app/app/helpers/players_helper.rb": {
        "lines": [
          null,
          null,
          1,
          null
        ],
        "branches": {}
      },
      "/app/app/helpers/rounds_helper.rb": {
        "lines": [
          null,
          null,
          1,
          null
        ],
        "branches": {}
      },
      "/app/app/helpers/teams_helper.rb": {
        "lines": [
          null,
          null,
          1,
          null
        ],
        "branches": {}
      },
      "/app/app/controllers/api/v1/application_controller.rb": {
        "lines": [
          null,
          null,
          1,
          1,
          1,
          1,
          1,
          1,
          null,
          1,
          null,
          1,
          null,
          null,
          84,
          9,
          null,
          8,
          1,
          null,
          0,
          null,
          null,
          1,
          null,
          null,
          null,
          null,
          84,
          null,
          null,
          84,
          null,
          null,
          84,
          84,
          120,
          61,
          397,
          null,
          2,
          null,
          null,
          null,
          84,
          84,
          16,
          null,
          null,
          null,
          84,
          84,
          null,
          84,
          null,
          null,
          null,
          null,
          null,
          84,
          null,
          null,
          null,
          null,
          null,
          null,
          null
        ],
        "branches": {
          "[:if, 0, 15, 8, 26, 11]": {
            "[:then, 1, 16, 10, 25, 29]": 9,
            "[:else, 2, 15, 8, 26, 11]": 75
          },
          "[:if, 3, 16, 26, 25, 29]": {
            "[:then, 4, 18, 28, 18, 62]": 8,
            "[:else, 5, 19, 26, 24, 38]": 1
          },
          "[:if, 6, 19, 26, 24, 38]": {
            "[:then, 7, 21, 28, 21, 54]": 0,
            "[:else, 8, 24, 28, 24, 38]": 1
          },
          "[:if, 9, 29, 16, 29, 102]": {
            "[:then, 10, 29, 62, 29, 81]": 82,
            "[:else, 11, 29, 84, 29, 102]": 2
          },
          "[:if, 12, 32, 16, 32, 87]": {
            "[:then, 13, 32, 59, 32, 74]": 81,
            "[:else, 14, 32, 77, 32, 87]": 3
          },
          "[:if, 15, 36, 27, 42, 30]": {
            "[:then, 16, 37, 29, 37, 84]": 23,
            "[:else, 17, 38, 27, 41, 49]": 61
          },
          "[:if, 18, 38, 27, 41, 49]": {
            "[:then, 19, 39, 29, 39, 185]": 59,
            "[:else, 20, 41, 29, 41, 49]": 2
          },
          "[:if, 21, 46, 8, 48, 11]": {
            "[:then, 22, 47, 10, 47, 76]": 16,
            "[:else, 23, 46, 8, 48, 11]": 68
          }
        }
      },
      "/app/app/controllers/api/base_controller.rb": {
        "lines": [
          null,
          null,
          1,
          1,
          1,
          1,
          1,
          null,
          null
        ],
        "branches": {}
      },
      "/app/app/controllers/concerns/identity_authentication.rb": {
        "lines": [
          null,
          null,
          1,
          1,
          null,
          1,
          2,
          null,
          null,
          1,
          null,
          1,
          184,
          184,
          184,
          184,
          184,
          184,
          184,
          null,
          null,
          177,
          177,
          0,
          0,
          0,
          null,
          null,
          177,
          null,
          null,
          177,
          177,
          null,
          176,
          null,
          174,
          174,
          null,
          174,
          174,
          174,
          null,
          0,
          0,
          null,
          null,
          2,
          2,
          null,
          null,
          null,
          1,
          null,
          null,
          null,
          177,
          0,
          0,
          0,
          null,
          0,
          0,
          0,
          null,
          null,
          null,
          177,
          177,
          177,
          177,
          null,
          177,
          177,
          177,
          null,
          0,
          0,
          null,
          null,
          0,
          0,
          0,
          null,
          null,
          null,
          1,
          190,
          190,
          190,
          null,
          186,
          186,
          186,
          186,
          null,
          null,
          1,
          10,
          null,
          null,
          null,
          null,
          null,
          null,
          1,
          177,
          177,
          177,
          null,
          null,
          1,
          204,
          null,
          null
        ],
        "branches": {
          "[:if, 0, 18, 42, 18, 80]": {
            "[:then, 1, 18, 59, 18, 68]": 177,
            "[:else, 2, 18, 71, 18, 80]": 7
          },
          "[:unless, 3, 19, 4, 19, 43]": {
            "[:else, 4, 19, 4, 19, 43]": 177,
            "[:then, 5, 19, 4, 19, 30]": 7
          },
          "[:if, 6, 23, 4, 27, 7]": {
            "[:then, 7, 24, 6, 26, 12]": 0,
            "[:else, 8, 23, 4, 27, 7]": 177
          },
          "[:unless, 9, 33, 4, 33, 44]": {
            "[:else, 10, 33, 4, 33, 44]": 176,
            "[:then, 11, 33, 4, 33, 30]": 1
          },
          "[:if, 12, 35, 4, 50, 7]": {
            "[:then, 13, 37, 6, 46, 9]": 174,
            "[:else, 14, 48, 6, 49, 25]": 2
          },
          "[:if, 15, 40, 6, 46, 9]": {
            "[:then, 16, 41, 8, 42, 34]": 174,
            "[:else, 17, 44, 8, 45, 27]": 0
          },
          "[:unless, 18, 71, 8, 71, 42]": {
            "[:else, 19, 71, 8, 71, 42]": 177,
            "[:then, 20, 71, 8, 71, 18]": 0
          },
          "[:if, 21, 74, 53, 74, 98]": {
            "[:then, 22, 74, 69, 74, 91]": 0,
            "[:else, 23, 74, 94, 74, 98]": 177
          },
          "[:unless, 24, 60, 6, 60, 40]": {
            "[:else, 25, 60, 6, 60, 40]": 0,
            "[:then, 26, 60, 6, 60, 16]": 0
          },
          "[:if, 27, 63, 40, 63, 85]": {
            "[:then, 28, 63, 56, 63, 78]": 0,
            "[:else, 29, 63, 81, 63, 85]": 0
          },
          "[:if, 30, 89, 48, 89, 92]": {
            "[:then, 31, 89, 71, 89, 80]": 186,
            "[:else, 32, 89, 83, 89, 92]": 4
          },
          "[:unless, 33, 90, 4, 90, 33]": {
            "[:else, 34, 90, 4, 90, 33]": 186,
            "[:then, 35, 90, 4, 90, 14]": 4
          },
          "[:if, 36, 93, 4, 93, 65]": {
            "[:then, 37, 93, 4, 93, 20]": 178,
            "[:else, 38, 93, 4, 93, 65]": 8
          },
          "[:if, 39, 94, 55, 94, 84]": {
            "[:then, 40, 94, 72, 94, 77]": 178,
            "[:else, 41, 94, 80, 94, 84]": 8
          }
        }
      },
      "/app/app/controllers/concerns/paginatable.rb": {
        "lines": [
          null,
          null,
          1,
          1,
          null,
          1,
          1,
          null,
          1,
          2,
          null,
          179,
          null,
          null,
          null,
          null,
          2,
          15,
          15,
          15,
          null,
          15,
          null,
          null,
          2,
          17,
          17,
          null,
          null,
          17,
          null,
          null,
          null,
          null,
          null,
          null,
          2,
          null,
          2,
          195,
          195,
          null,
          null,
          2,
          195,
          195,
          195,
          null,
          null,
          null
        ],
        "branches": {
          "[:\"&.\", 0, 40, 13, 40, 32]": {
            "[:then, 1, 40, 13, 40, 32]": 27,
            "[:else, 2, 40, 13, 40, 32]": 168
          },
          "[:if, 3, 41, 6, 41, 31]": {
            "[:then, 4, 41, 23, 41, 27]": 189,
            "[:else, 5, 41, 30, 41, 31]": 6
          },
          "[:\"&.\", 6, 45, 17, 45, 40]": {
            "[:then, 7, 45, 17, 45, 40]": 45,
            "[:else, 8, 45, 17, 45, 40]": 150
          },
          "[:if, 9, 46, 6, 46, 50]": {
            "[:then, 10, 46, 6, 46, 33]": 6,
            "[:else, 11, 46, 6, 46, 50]": 189
          }
        }
      },
      "/app/app/controllers/concerns/sparse_fieldsets.rb": {
        "lines": [
          null,
          null,
          1,
          1,
          null,
          1,
          2,
          111,
          null,
          25,
          null,
          25,
          25,
          null,
          null,
          2,
          172,
          null,
          169,
          161,
          143,
          139,
          null,
          4,
          null,
          null,
          null,
          null
        ],
        "branches": {
          "[:unless, 0, 8, 6, 8, 48]": {
            "[:else, 1, 8, 6, 8, 48]": 25,
            "[:then, 2, 8, 6, 8, 16]": 86
          },
          "[:if, 3, 12, 22, 12, 83]": {
            "[:then, 4, 12, 51, 12, 63]": 25,
            "[:else, 5, 12, 66, 12, 83]": 0
          },
          "[:unless, 6, 17, 6, 17, 48]": {
            "[:else, 7, 17, 6, 17, 48]": 169,
            "[:then, 8, 17, 6, 17, 17]": 3
          },
          "[:if, 9, 19, 6, 25, 9]": {
            "[:then, 10, 20, 8, 20, 63]": 26,
            "[:else, 11, 21, 6, 24, 12]": 143
          },
          "[:if, 12, 21, 6, 24, 12]": {
            "[:then, 13, 22, 8, 22, 35]": 139,
            "[:else, 14, 24, 8, 24, 12]": 4
          }
        }
      },
      "/app/app/controllers/concerns/includable.rb": {
        "lines": [
          null,
          null,
          1,
          1,
          null,
          1,
          2,
          172,
          null,
          30,
          null,
          null,
          2,
          17,
          null,
          null,
          12,
          12,
          21,
          21,
          null,
          21,
          30,
          20,
          null,
          10,
          10,
          null,
          null,
          null,
          null,
          null,
          null,
          12,
          12,
          null,
          0,
          null,
          null,
          null,
          null
        ],
        "branches": {
          "[:unless, 0, 8, 6, 8, 48]": {
            "[:else, 1, 8, 6, 8, 48]": 30,
            "[:then, 2, 8, 6, 8, 15]": 142
          },
          "[:if, 3, 14, 6, 14, 45]": {
            "[:then, 4, 14, 6, 14, 21]": 5,
            "[:else, 5, 14, 6, 14, 45]": 12
          },
          "[:if, 6, 23, 10, 28, 13]": {
            "[:then, 7, 24, 12, 24, 30]": 20,
            "[:else, 8, 26, 12, 27, 35]": 10
          },
          "[:if, 9, 34, 6, 38, 9]": {
            "[:then, 10, 35, 8, 35, 40]": 12,
            "[:else, 11, 37, 8, 37, 54]": 0
          }
        }
      },
      "/app/app/controllers/api/v1/base_controller.rb": {
        "lines": [
          null,
          null,
          1,
          1,
          1,
          1,
          1,
          1,
          1,
          null,
          null,
          null,
          null,
          null,
          1,
          null,
          1,
          null,
          null,
          8,
          5,
          null,
          5,
          null,
          0,
          null,
          null,
          null,
          null,
          8,
          null,
          null,
          8,
          null,
          null,
          8,
          38,
          7,
          162,
          null,
          1,
          null,
          null,
          null,
          8,
          8,
          1,
          null,
          null,
          null,
          8,
          8,
          null,
          8,
          null,
          null,
          null,
          null,
          null,
          8,
          null,
          null,
          null,
          null,
          null,
          1,
          null,
          1,
          9,
          null,
          null,
          null,
          null
        ],
        "branches": {
          "[:if, 0, 20, 8, 27, 11]": {
            "[:then, 1, 21, 10, 26, 29]": 5,
            "[:else, 2, 20, 8, 27, 11]": 3
          },
          "[:if, 3, 21, 26, 26, 29]": {
            "[:then, 4, 23, 28, 23, 62]": 5,
            "[:else, 5, 25, 28, 25, 48]": 0
          },
          "[:if, 6, 30, 16, 30, 102]": {
            "[:then, 7, 30, 62, 30, 81]": 7,
            "[:else, 8, 30, 84, 30, 102]": 1
          },
          "[:if, 9, 33, 16, 33, 87]": {
            "[:then, 10, 33, 59, 33, 74]": 6,
            "[:else, 11, 33, 77, 33, 87]": 2
          },
          "[:if, 12, 36, 27, 42, 30]": {
            "[:then, 13, 37, 29, 37, 84]": 1,
            "[:else, 14, 38, 27, 41, 49]": 7
          },
          "[:if, 15, 38, 27, 41, 49]": {
            "[:then, 16, 39, 29, 39, 83]": 6,
            "[:else, 17, 41, 29, 41, 49]": 1
          },
          "[:if, 18, 46, 8, 48, 11]": {
            "[:then, 19, 47, 10, 47, 76]": 1,
            "[:else, 20, 46, 8, 48, 11]": 7
          }
        }
      },
      "/app/app/controllers/api/v1/teams_controller.rb": {
        "lines": [
          null,
          null,
          1,
          1,
          1,
          1,
          1,
          16,
          16,
          16,
          null,
          16,
          null,
          null,
          null,
          null,
          null,
          null,
          16,
          null,
          16,
          null,
          null,
          null,
          null,
          null,
          null,
          16,
          null,
          null,
          1,
          3,
          null,
          null,
          1,
          2,
          2,
          1,
          null,
          1,
          null,
          null,
          null,
          1,
          2,
          1,
          null,
          1,
          null,
          null,
          null,
          1,
          1,
          1,
          null,
          null,
          1,
          null,
          1,
          3,
          null,
          null,
          null,
          null,
          null,
          1,
          4,
          null,
          null,
          null,
          null
        ],
        "branches": {
          "[:if, 0, 10, 30, 10, 100]": {
            "[:then, 1, 10, 50, 10, 89]": 2,
            "[:else, 2, 10, 92, 10, 100]": 14
          },
          "[:if, 3, 37, 8, 41, 11]": {
            "[:then, 4, 38, 10, 38, 73]": 1,
            "[:else, 5, 40, 10, 40, 67]": 1
          },
          "[:if, 6, 45, 8, 49, 11]": {
            "[:then, 7, 46, 10, 46, 55]": 1,
            "[:else, 8, 48, 10, 48, 67]": 1
          }
        }
      },
      "/app/app/controllers/api/v1/championships_controller.rb": {
        "lines": [
          null,
          null,
          1,
          1,
          1,
          1,
          1,
          9,
          9,
          null,
          9,
          null,
          null,
          null,
          null,
          null,
          9,
          null,
          9,
          null,
          null,
          null,
          null,
          null,
          9,
          null,
          null,
          1,
          8,
          8,
          7,
          7,
          7,
          7,
          7,
          7,
          7,
          null,
          1,
          null,
          null,
          1,
          6,
          6,
          6,
          4,
          null,
          2,
          null,
          null,
          null,
          1,
          4,
          2,
          null,
          2,
          null,
          null,
          null,
          1,
          null,
          1,
          null,
          null,
          0,
          null,
          null,
          0,
          0,
          null,
          0,
          0,
          null,
          null,
          0,
          null,
          0,
          null,
          0,
          0,
          0,
          null,
          0,
          null,
          0,
          null,
          null,
          0,
          null,
          null,
          0,
          null,
          null,
          1,
          null,
          null,
          1,
          null,
          1,
          5,
          null,
          null,
          1,
          10,
          null,
          null,
          null,
          null
        ],
        "branches": {
          "[:if, 0, 32, 8, 32, 85]": {
            "[:then, 1, 32, 8, 32, 49]": 1,
            "[:else, 2, 32, 8, 32, 85]": 6
          },
          "[:if, 3, 33, 8, 33, 87]": {
            "[:then, 4, 33, 8, 33, 50]": 1,
            "[:else, 5, 33, 8, 33, 87]": 6
          },
          "[:if, 6, 36, 8, 36, 103]": {
            "[:then, 7, 36, 8, 36, 76]": 2,
            "[:else, 8, 36, 8, 36, 103]": 5
          },
          "[:if, 9, 45, 8, 49, 11]": {
            "[:then, 10, 46, 10, 46, 89]": 4,
            "[:else, 11, 48, 10, 48, 75]": 2
          },
          "[:if, 12, 53, 8, 57, 11]": {
            "[:then, 13, 54, 10, 54, 71]": 2,
            "[:else, 14, 56, 10, 56, 75]": 2
          },
          "[:if, 15, 65, 10, 92, 13]": {
            "[:then, 16, 68, 12, 89, 15]": 0,
            "[:else, 17, 91, 12, 91, 17]": 0
          }
        }
      },
      "/app/app/controllers/api/v1/matches_controller.rb": {
        "lines": [
          null,
          null,
          1,
          1,
          1,
          1,
          1,
          8,
          8,
          8,
          null,
          8,
          null,
          null,
          null,
          null,
          null,
          null,
          8,
          null,
          8,
          null,
          null,
          null,
          null,
          null,
          null,
          8,
          null,
          null,
          1,
          2,
          null,
          null,
          1,
          3,
          3,
          2,
          null,
          1,
          null,
          null,
          null,
          1,
          2,
          1,
          null,
          1,
          null,
          null,
          null,
          1,
          1,
          1,
          null,
          null,
          1,
          7,
          6,
          null,
          1,
          null,
          null,
          1,
          null,
          1,
          10,
          null,
          null,
          null,
          null,
          null,
          1,
          5,
          null,
          null,
          null,
          null
        ],
        "branches": {
          "[:if, 0, 10, 30, 10, 102]": {
            "[:then, 1, 10, 50, 10, 90]": 2,
            "[:else, 2, 10, 93, 10, 102]": 6
          },
          "[:if, 3, 37, 8, 41, 11]": {
            "[:then, 4, 38, 10, 38, 75]": 2,
            "[:else, 5, 40, 10, 40, 68]": 1
          },
          "[:if, 6, 45, 8, 49, 11]": {
            "[:then, 7, 46, 10, 46, 57]": 1,
            "[:else, 8, 48, 10, 48, 68]": 1
          }
        }
      },
      "/app/app/controllers/api/v1/player_stats_controller.rb": {
        "lines": [
          null,
          null,
          1,
          1,
          1,
          1,
          null,
          1,
          11,
          11,
          null,
          11,
          null,
          null,
          null,
          null,
          null,
          11,
          null,
          11,
          null,
          null,
          null,
          null,
          null,
          11,
          null,
          null,
          1,
          2,
          null,
          null,
          1,
          2,
          2,
          1,
          null,
          1,
          null,
          null,
          null,
          1,
          2,
          1,
          null,
          1,
          null,
          null,
          null,
          1,
          1,
          1,
          null,
          null,
          null,
          1,
          11,
          11,
          11,
          null,
          11,
          null,
          null,
          null,
          null,
          null,
          null,
          11,
          null,
          11,
          null,
          null,
          null,
          null,
          null,
          null,
          11,
          null,
          null,
          null,
          1,
          9,
          17,
          null,
          9,
          null,
          null,
          null,
          5,
          null,
          4,
          null,
          0,
          null,
          null,
          1,
          null,
          1,
          5,
          null,
          null,
          null,
          null,
          null,
          1,
          4,
          null,
          null,
          null,
          1,
          18,
          null,
          null,
          null,
          null
        ],
        "branches": {
          "[:if, 0, 35, 8, 39, 11]": {
            "[:then, 1, 36, 10, 36, 87]": 1,
            "[:else, 2, 38, 10, 38, 100]": 1
          },
          "[:if, 3, 43, 8, 47, 11]": {
            "[:then, 4, 44, 10, 44, 69]": 1,
            "[:else, 5, 46, 10, 46, 100]": 1
          },
          "[:\"&.\", 6, 82, 26, 82, 52]": {
            "[:then, 7, 82, 26, 82, 52]": 9,
            "[:else, 8, 82, 26, 82, 52]": 0
          }
        }
      },
      "/app/app/controllers/api/v1/players_controller.rb": {
        "lines": [
          null,
          null,
          1,
          1,
          1,
          1,
          1,
          8,
          8,
          null,
          8,
          null,
          null,
          null,
          null,
          null,
          null,
          8,
          null,
          8,
          null,
          null,
          null,
          null,
          null,
          null,
          8,
          null,
          null,
          1,
          null,
          1,
          2,
          2,
          1,
          null,
          1,
          null,
          null,
          null,
          1,
          2,
          2,
          null,
          null,
          1,
          2,
          2,
          null,
          null,
          1,
          1,
          null,
          null,
          null,
          null,
          null,
          null,
          null,
          1,
          2,
          1,
          null,
          1,
          null,
          null,
          null,
          1,
          1,
          1,
          null,
          null,
          1,
          null,
          1,
          10,
          null,
          null,
          null,
          null,
          null,
          null,
          1,
          4,
          null,
          null,
          null,
          1,
          1,
          null,
          null,
          1,
          1,
          null,
          null,
          1,
          1,
          null,
          null,
          null,
          null
        ],
        "branches": {
          "[:if, 0, 34, 8, 38, 11]": {
            "[:then, 1, 35, 10, 35, 77]": 1,
            "[:else, 2, 37, 10, 37, 69]": 1
          },
          "[:if, 3, 61, 8, 65, 11]": {
            "[:then, 4, 62, 10, 62, 59]": 1,
            "[:else, 5, 64, 10, 64, 69]": 1
          }
        }
      },
      "/app/app/controllers/api/v1/rounds_controller.rb": {
        "lines": [
          null,
          null,
          1,
          1,
          1,
          1,
          1,
          9,
          9,
          null,
          9,
          null,
          null,
          null,
          null,
          null,
          9,
          null,
          9,
          null,
          null,
          null,
          null,
          null,
          9,
          null,
          null,
          1,
          3,
          3,
          3,
          3,
          3,
          null,
          null,
          1,
          2,
          2,
          1,
          null,
          1,
          null,
          null,
          null,
          1,
          2,
          1,
          null,
          1,
          null,
          null,
          null,
          1,
          1,
          1,
          null,
          null,
          1,
          2,
          2,
          null,
          null,
          1,
          null,
          1,
          3,
          null,
          null,
          null,
          null,
          null,
          null,
          null,
          null,
          null,
          3,
          null,
          3,
          null,
          null,
          3,
          null,
          null,
          null,
          null,
          null,
          null,
          null,
          null,
          0,
          null,
          null,
          null,
          null,
          null,
          null,
          null,
          1,
          4,
          null,
          null,
          null,
          null
        ],
        "branches": {
          "[:if, 0, 32, 8, 32, 89]": {
            "[:then, 1, 32, 8, 32, 62]": 1,
            "[:else, 2, 32, 8, 32, 89]": 2
          },
          "[:if, 3, 38, 8, 42, 11]": {
            "[:then, 4, 39, 10, 39, 75]": 1,
            "[:else, 5, 41, 10, 41, 68]": 1
          },
          "[:if, 6, 46, 8, 50, 11]": {
            "[:then, 7, 47, 10, 47, 57]": 1,
            "[:else, 8, 49, 10, 49, 68]": 1
          }
        }
      },
      "/app/app/controllers/application_controller.rb": {
        "lines": [
          null,
          null,
          1,
          1,
          1,
          null
        ],
        "branches": {}
      },
      "/app/app/controllers/health_controller.rb": {
        "lines": [
          1,
          1,
          3,
          null,
          null,
          null,
          null,
          null,
          null,
          null,
          1,
          null,
          7,
          null,
          2,
          null,
          null,
          null,
          null,
          null,
          5,
          null,
          null,
          null,
          null,
          null,
          null
        ],
        "branches": {}
      },
      "/app/app/models/championship.rb": {
        "lines": [
          null,
          null,
          1,
          1,
          null,
          1,
          null,
          1,
          1,
          1,
          null,
          1,
          1,
          1,
          null,
          null,
          1,
          null,
          null,
          1,
          null,
          1,
          0,
          null,
          null,
          null,
          null,
          1,
          null,
          1,
          null,
          1,
          634,
          null,
          634,
          null,
          6,
          null,
          null,
          1,
          617,
          null,
          null
        ],
        "branches": {
          "[:if, 0, 33, 4, 33, 68]": {
            "[:then, 1, 33, 4, 33, 10]": 0,
            "[:else, 2, 33, 4, 33, 68]": 634
          },
          "[:unless, 3, 35, 4, 35, 61]": {
            "[:else, 4, 35, 4, 35, 61]": 6,
            "[:then, 5, 35, 4, 35, 10]": 628
          }
        }
      },
      "/app/app/models/application_record.rb": {
        "lines": [
          null,
          null,
          1,
          1,
          null
        ],
        "branches": {}
      },
      "/app/app/models/concerns/soft_deletable.rb": {
        "lines": [
          null,
          null,
          1,
          1,
          null,
          1,
          null,
          42171,
          null,
          null,
          9,
          null,
          null,
          9,
          null,
          null,
          9,
          9,
          null,
          null,
          null,
          1,
          1119,
          null,
          null,
          null,
          1,
          559,
          null,
          null,
          null,
          559,
          559,
          null,
          null,
          null,
          1,
          0,
          null,
          null,
          null,
          0,
          0,
          null,
          null,
          null,
          1,
          560,
          null,
          560,
          560,
          559,
          null,
          560,
          null,
          null,
          null,
          null,
          1,
          0,
          null,
          0,
          null,
          null,
          null,
          0,
          0,
          null,
          0,
          null,
          0,
          null,
          null,
          0,
          null,
          null,
          null,
          1,
          null,
          null,
          1,
          0,
          0,
          null,
          0,
          0,
          null,
          null,
          0,
          0,
          null,
          null,
          0,
          0,
          null,
          0,
          null,
          null,
          0,
          null,
          0,
          null,
          null,
          0,
          null,
          0,
          null,
          0,
          null,
          null,
          null,
          0,
          null,
          null,
          0,
          null,
          null,
          0,
          null,
          null,
          null,
          null,
          null,
          null,
          1,
          null,
          0,
          0,
          null,
          null,
          null,
          1,
          0,
          0,
          null,
          0,
          null,
          null
        ],
        "branches": {
          "[:if, 0, 28, 4, 28, 28]": {
            "[:then, 1, 28, 4, 28, 16]": 0,
            "[:else, 2, 28, 4, 28, 28]": 559
          },
          "[:if, 3, 32, 4, 32, 67]": {
            "[:then, 4, 32, 4, 32, 36]": 559,
            "[:else, 5, 32, 4, 32, 67]": 0
          },
          "[:unless, 6, 38, 4, 38, 32]": {
            "[:else, 7, 38, 4, 38, 32]": 0,
            "[:then, 8, 38, 4, 38, 16]": 0
          },
          "[:if, 9, 42, 4, 42, 68]": {
            "[:then, 10, 42, 4, 42, 37]": 0,
            "[:else, 11, 42, 4, 42, 68]": 0
          },
          "[:if, 12, 48, 4, 48, 28]": {
            "[:then, 13, 48, 4, 48, 16]": 0,
            "[:else, 14, 48, 4, 48, 28]": 560
          },
          "[:if, 15, 54, 6, 54, 27]": {
            "[:then, 16, 54, 15, 54, 19]": 559,
            "[:else, 17, 54, 22, 54, 27]": 1
          },
          "[:unless, 18, 83, 6, 83, 61]": {
            "[:else, 19, 83, 6, 83, 61]": 0,
            "[:then, 20, 83, 6, 83, 10]": 0
          },
          "[:unless, 21, 86, 6, 86, 47]": {
            "[:else, 22, 86, 6, 86, 47]": 0,
            "[:then, 23, 86, 6, 86, 10]": 0
          },
          "[:if, 24, 93, 6, 97, 9]": {
            "[:then, 25, 94, 8, 94, 54]": 0,
            "[:else, 26, 96, 8, 96, 41]": 0
          },
          "[:if, 27, 99, 6, 99, 38]": {
            "[:then, 28, 99, 6, 99, 10]": 0,
            "[:else, 29, 99, 6, 99, 38]": 0
          },
          "[:if, 30, 101, 6, 120, 9]": {
            "[:then, 31, 104, 8, 109, 11]": 0,
            "[:else, 32, 112, 8, 119, 11]": 0
          },
          "[:if, 33, 106, 10, 106, 35]": {
            "[:then, 34, 106, 10, 106, 14]": 0,
            "[:else, 35, 106, 10, 106, 35]": 0
          },
          "[:if, 36, 112, 8, 119, 11]": {
            "[:then, 37, 115, 10, 115, 39]": 0,
            "[:else, 38, 118, 10, 118, 38]": 0
          },
          "[:\"&.\", 39, 134, 24, 134, 40]": {
            "[:then, 40, 134, 24, 134, 40]": 0,
            "[:else, 41, 134, 24, 134, 40]": 0
          },
          "[:unless, 42, 134, 4, 134, 40]": {
            "[:else, 43, 134, 4, 134, 40]": 0,
            "[:then, 44, 134, 4, 134, 16]": 0
          }
        }
      },
      "/app/app/models/match.rb": {
        "lines": [
          null,
          null,
          1,
          1,
          null,
          1,
          1,
          1,
          1,
          1,
          null,
          1,
          null,
          1,
          null,
          1,
          null,
          1,
          null,
          28,
          null,
          27,
          null,
          null,
          27,
          null,
          null,
          0,
          null,
          null,
          null,
          27,
          null,
          null,
          null,
          null,
          1,
          0,
          0,
          0,
          0,
          null,
          null,
          null,
          0,
          null,
          null,
          0,
          0,
          null,
          0,
          null,
          null,
          null,
          null,
          null
        ],
        "branches": {
          "[:\"&.\", 0, 20, 35, 20, 52]": {
            "[:then, 1, 20, 35, 20, 52]": 1,
            "[:else, 2, 20, 35, 20, 52]": 0
          },
          "[:\"&.\", 3, 20, 56, 20, 86]": {
            "[:then, 4, 20, 56, 20, 86]": 1,
            "[:else, 5, 20, 56, 20, 86]": 0
          },
          "[:if, 6, 20, 4, 33, 7]": {
            "[:then, 7, 22, 6, 32, 33]": 27,
            "[:else, 8, 20, 4, 33, 7]": 1
          },
          "[:if, 9, 22, 6, 30, 9]": {
            "[:then, 10, 25, 10, 28, 98]": 27,
            "[:else, 11, 22, 6, 30, 9]": 0
          },
          "[:if, 12, 38, 4, 38, 34]": {
            "[:then, 13, 38, 4, 38, 10]": 0,
            "[:else, 14, 38, 4, 38, 34]": 0
          },
          "[:unless, 15, 39, 4, 39, 35]": {
            "[:else, 16, 39, 4, 39, 35]": 0,
            "[:then, 17, 39, 4, 39, 10]": 0
          },
          "[:if, 18, 40, 4, 40, 38]": {
            "[:then, 19, 40, 4, 40, 10]": 0,
            "[:else, 20, 40, 4, 40, 38]": 0
          },
          "[:\"&.\", 21, 41, 14, 41, 31]": {
            "[:then, 22, 41, 14, 41, 31]": 0,
            "[:else, 23, 41, 14, 41, 31]": 0
          },
          "[:\"&.\", 24, 41, 35, 41, 65]": {
            "[:then, 25, 41, 35, 41, 65]": 0,
            "[:else, 26, 41, 35, 41, 65]": 0
          },
          "[:if, 27, 41, 4, 41, 65]": {
            "[:then, 28, 41, 4, 41, 10]": 0,
            "[:else, 29, 41, 4, 41, 65]": 0
          },
          "[:if, 30, 48, 6, 52, 9]": {
            "[:then, 31, 49, 8, 49, 96]": 0,
            "[:else, 32, 51, 8, 51, 13]": 0
          },
          "[:if, 33, 45, 6, 45, 30]": {
            "[:then, 34, 45, 6, 45, 11]": 0,
            "[:else, 35, 45, 6, 45, 30]": 0
          }
        }
      },
      "/app/app/models/round.rb": {
        "lines": [
          null,
          null,
          1,
          1,
          null,
          1,
          1,
          1,
          1,
          1,
          1,
          null,
          1,
          1,
          null,
          1,
          0,
          null,
          null,
          null
        ],
        "branches": {}
      },
      "/app/app/models/player_round.rb": {
        "lines": [
          null,
          null,
          1,
          1,
          null,
          1,
          1,
          null,
          1,
          1,
          1,
          1,
          null,
          1,
          null,
          1,
          191,
          190,
          190,
          null,
          190,
          null,
          null,
          1,
          191,
          190,
          190,
          null,
          190,
          190,
          190,
          null,
          190,
          null,
          null
        ],
        "branches": {
          "[:if, 0, 17, 4, 17, 38]": {
            "[:then, 1, 17, 4, 17, 10]": 1,
            "[:else, 2, 17, 4, 17, 38]": 190
          },
          "[:unless, 3, 18, 4, 18, 32]": {
            "[:else, 4, 18, 4, 18, 32]": 190,
            "[:then, 5, 18, 4, 18, 10]": 0
          },
          "[:if, 6, 19, 4, 19, 63]": {
            "[:then, 7, 19, 4, 19, 10]": 0,
            "[:else, 8, 19, 4, 19, 63]": 190
          },
          "[:if, 9, 25, 4, 25, 38]": {
            "[:then, 10, 25, 4, 25, 10]": 1,
            "[:else, 11, 25, 4, 25, 38]": 190
          },
          "[:unless, 12, 26, 4, 26, 32]": {
            "[:else, 13, 26, 4, 26, 32]": 190,
            "[:then, 14, 26, 4, 26, 10]": 0
          },
          "[:if, 15, 27, 4, 27, 63]": {
            "[:then, 16, 27, 4, 27, 10]": 0,
            "[:else, 17, 27, 4, 27, 63]": 190
          },
          "[:unless, 18, 30, 4, 30, 39]": {
            "[:else, 19, 30, 4, 30, 39]": 190,
            "[:then, 20, 30, 4, 30, 10]": 0
          },
          "[:if, 21, 31, 4, 31, 77]": {
            "[:then, 22, 31, 4, 31, 10]": 0,
            "[:else, 23, 31, 4, 31, 77]": 190
          }
        }
      },
      "/app/app/models/player.rb": {
        "lines": [
          null,
          null,
          1,
          1,
          null,
          1,
          1,
          1,
          1,
          1,
          1,
          1,
          1,
          null,
          1,
          null,
          1,
          null,
          1,
          10,
          null,
          null,
          null,
          null,
          1,
          null,
          1,
          null,
          1,
          1,
          null,
          null
        ],
        "branches": {}
      },
      "/app/app/models/player_stat.rb": {
        "lines": [
          null,
          null,
          1,
          1,
          null,
          1,
          1,
          1,
          null,
          1,
          1,
          1,
          1,
          1,
          1,
          null,
          1,
          null,
          1,
          337,
          null,
          142,
          142,
          142,
          null,
          2,
          null,
          null,
          1,
          337,
          null,
          2,
          null,
          null,
          1,
          142,
          142,
          142,
          null,
          null,
          1,
          142,
          142,
          142,
          null,
          null
        ],
        "branches": {
          "[:if, 0, 20, 4, 20, 32]": {
            "[:then, 1, 20, 4, 20, 10]": 195,
            "[:else, 2, 20, 4, 20, 32]": 142
          },
          "[:if, 3, 24, 4, 24, 40]": {
            "[:then, 4, 24, 4, 24, 10]": 140,
            "[:else, 5, 24, 4, 24, 40]": 2
          },
          "[:unless, 6, 30, 4, 30, 68]": {
            "[:else, 7, 30, 4, 30, 68]": 2,
            "[:then, 8, 30, 4, 30, 10]": 335
          },
          "[:if, 9, 37, 4, 37, 49]": {
            "[:then, 10, 37, 4, 37, 35]": 1,
            "[:else, 11, 37, 4, 37, 49]": 141
          },
          "[:if, 12, 43, 4, 43, 49]": {
            "[:then, 13, 43, 4, 43, 35]": 1,
            "[:else, 14, 43, 4, 43, 49]": 141
          }
        }
      },
      "/app/app/models/player_team.rb": {
        "lines": [
          null,
          null,
          1,
          1,
          null,
          1,
          1,
          null,
          1,
          1,
          null,
          1,
          null,
          1,
          376,
          null,
          375,
          375,
          null,
          299,
          299,
          null,
          299,
          299,
          null,
          1,
          null,
          null,
          1,
          164,
          1,
          null,
          1,
          1,
          null,
          1,
          1,
          null,
          1,
          1,
          null,
          1,
          1,
          null,
          null
        ],
        "branches": {
          "[:unless, 0, 15, 4, 15, 31]": {
            "[:else, 1, 15, 4, 15, 31]": 375,
            "[:then, 2, 15, 4, 15, 10]": 1
          },
          "[:\"&.\", 3, 17, 19, 17, 43]": {
            "[:then, 4, 17, 19, 17, 43]": 299,
            "[:else, 5, 17, 19, 17, 43]": 76
          },
          "[:unless, 6, 18, 4, 18, 39]": {
            "[:else, 7, 18, 4, 18, 39]": 299,
            "[:then, 8, 18, 4, 18, 10]": 76
          },
          "[:unless, 9, 21, 4, 21, 31]": {
            "[:else, 10, 21, 4, 21, 31]": 299,
            "[:then, 11, 21, 4, 21, 10]": 0
          },
          "[:if, 12, 24, 4, 24, 32]": {
            "[:then, 13, 24, 4, 24, 10]": 298,
            "[:else, 14, 24, 4, 24, 32]": 1
          },
          "[:if, 15, 30, 4, 30, 38]": {
            "[:then, 16, 30, 4, 30, 10]": 163,
            "[:else, 17, 30, 4, 30, 38]": 1
          },
          "[:unless, 18, 31, 4, 31, 31]": {
            "[:else, 19, 31, 4, 31, 31]": 1,
            "[:then, 20, 31, 4, 31, 10]": 0
          },
          "[:\"&.\", 21, 33, 19, 33, 43]": {
            "[:then, 22, 33, 19, 33, 43]": 1,
            "[:else, 23, 33, 19, 33, 43]": 0
          },
          "[:unless, 24, 34, 4, 34, 39]": {
            "[:else, 25, 34, 4, 34, 39]": 1,
            "[:then, 26, 34, 4, 34, 10]": 0
          },
          "[:unless, 27, 37, 4, 37, 31]": {
            "[:else, 28, 37, 4, 37, 31]": 1,
            "[:then, 29, 37, 4, 37, 10]": 0
          },
          "[:unless, 30, 40, 4, 40, 37]": {
            "[:else, 31, 40, 4, 40, 37]": 1,
            "[:then, 32, 40, 4, 40, 10]": 0
          }
        }
      },
      "/app/app/models/team.rb": {
        "lines": [
          null,
          null,
          1,
          1,
          null,
          2271,
          1,
          1,
          1,
          1,
          1,
          1,
          null,
          1,
          null,
          1,
          null
        ],
        "branches": {}
      },
      "/app/app/models/user.rb": {
        "lines": [
          null,
          null,
          1,
          1,
          null,
          null,
          null,
          1,
          null,
          null,
          null,
          1,
          null,
          null,
          1,
          null,
          null,
          3,
          null,
          null,
          1,
          2,
          null,
          null
        ],
        "branches": {}
      },
      "/app/app/presenters/championship_presenter.rb": {
        "lines": [
          null,
          null,
          1,
          237,
          null,
          1,
          null,
          33,
          null,
          null,
          null,
          null,
          null,
          null,
          null,
          null,
          null,
          null,
          null,
          33,
          null,
          null,
          33,
          null,
          25,
          null,
          33,
          null,
          33,
          null,
          null,
          1,
          35,
          null,
          null,
          1,
          37,
          null,
          null,
          1,
          12,
          null,
          null,
          1,
          null,
          null,
          10,
          0,
          0,
          null,
          0,
          null,
          null,
          null,
          10,
          null,
          null,
          1,
          null,
          1,
          24,
          null,
          null,
          1,
          21,
          null,
          null
        ],
        "branches": {
          "[:if, 0, 20, 4, 20, 108]": {
            "[:then, 1, 20, 4, 20, 39]": 10,
            "[:else, 2, 20, 4, 20, 108]": 23
          },
          "[:if, 3, 27, 4, 27, 62]": {
            "[:then, 4, 27, 4, 27, 41]": 8,
            "[:else, 5, 27, 4, 27, 62]": 25
          },
          "[:if, 6, 47, 4, 52, 7]": {
            "[:then, 7, 48, 6, 51, 50]": 0,
            "[:else, 8, 47, 4, 52, 7]": 10
          },
          "[:if, 9, 49, 8, 49, 98]": {
            "[:then, 10, 49, 52, 49, 93]": 0,
            "[:else, 11, 49, 96, 49, 98]": 0
          },
          "[:if, 12, 51, 6, 51, 50]": {
            "[:then, 13, 51, 6, 51, 27]": 0,
            "[:else, 14, 51, 6, 51, 50]": 0
          },
          "[:if, 15, 4, 67, 4, 188]": {
            "[:then, 16, 4, 98, 4, 165]": 0,
            "[:else, 17, 4, 172, 4, 182]": 0
          },
          "[:if, 18, 4, 264, 4, 389]": {
            "[:then, 19, 4, 297, 4, 366]": 0,
            "[:else, 20, 4, 373, 4, 383]": 0
          },
          "[:if, 21, 4, 479, 4, 618]": {
            "[:then, 22, 4, 519, 4, 595]": 0,
            "[:else, 23, 4, 602, 4, 612]": 0
          },
          "[:if, 24, 4, 726, 4, 883]": {
            "[:then, 25, 4, 775, 4, 860]": 0,
            "[:else, 26, 4, 867, 4, 877]": 0
          },
          "[:if, 27, 4, 991, 4, 1148]": {
            "[:then, 28, 4, 1040, 4, 1125]": 0,
            "[:else, 29, 4, 1132, 4, 1142]": 0
          },
          "[:if, 30, 4, 1236, 4, 1373]": {
            "[:then, 31, 4, 1275, 4, 1350]": 0,
            "[:else, 32, 4, 1357, 4, 1367]": 0
          },
          "[:if, 33, 4, 1461, 4, 1598]": {
            "[:then, 34, 4, 1500, 4, 1575]": 0,
            "[:else, 35, 4, 1582, 4, 1592]": 0
          }
        }
      },
      "/app/app/presenters/application_presenter.rb": {
        "lines": [
          null,
          null,
          1,
          1,
          3498,
          null,
          null,
          1,
          null,
          1,
          null
        ],
        "branches": {}
      },
      "/app/app/presenters/match_presenter.rb": {
        "lines": [
          null,
          null,
          1,
          1,
          null,
          614,
          null,
          null,
          null,
          null,
          null,
          null,
          null,
          null,
          null,
          null,
          null,
          null,
          null,
          null,
          null,
          null,
          null,
          null,
          null,
          null,
          null,
          null,
          3685,
          null,
          1,
          614,
          null,
          null,
          1,
          614,
          null,
          null,
          1,
          614,
          null,
          null,
          1,
          3,
          null,
          null,
          1,
          3,
          null,
          null,
          1,
          615,
          null,
          null,
          1,
          615,
          null,
          null,
          1,
          614,
          null,
          null,
          1,
          614,
          null,
          null,
          1,
          0,
          null,
          null,
          1,
          614,
          null,
          null,
          1,
          614,
          null,
          null,
          1,
          0,
          null,
          null,
          1,
          null,
          1,
          6756,
          null,
          null,
          1,
          null,
          614,
          null,
          null,
          null,
          null,
          null,
          1,
          1238,
          null,
          null,
          1237,
          1289,
          null,
          6317,
          null,
          null,
          null,
          null,
          1,
          3690,
          null,
          893,
          893,
          1138,
          1138,
          null,
          1127,
          1147,
          null,
          null,
          893,
          null,
          null,
          1,
          1142,
          null,
          3363,
          null,
          null,
          1,
          614,
          null,
          null,
          1,
          614,
          null,
          null,
          1,
          null,
          614,
          null,
          null,
          1,
          614,
          null,
          null,
          1,
          614,
          null,
          null,
          1,
          null,
          614,
          null,
          null
        ],
        "branches": {
          "[:if, 0, 98, 4, 98, 28]": {
            "[:then, 1, 98, 4, 98, 13]": 1,
            "[:else, 2, 98, 4, 98, 28]": 1237
          },
          "[:if, 3, 101, 4, 105, 7]": {
            "[:then, 4, 102, 6, 102, 72]": 215,
            "[:else, 5, 104, 6, 104, 77]": 1022
          },
          "[:if, 6, 110, 4, 110, 49]": {
            "[:then, 7, 110, 4, 110, 13]": 2797,
            "[:else, 8, 110, 4, 110, 49]": 893
          },
          "[:unless, 9, 115, 6, 115, 24]": {
            "[:else, 10, 115, 6, 115, 24]": 1127,
            "[:then, 11, 115, 6, 115, 10]": 11
          },
          "[:if, 12, 125, 4, 125, 44]": {
            "[:then, 13, 125, 4, 125, 14]": 2,
            "[:else, 14, 125, 4, 125, 44]": 1140
          },
          "[:if, 15, 29, 67, 29, 188]": {
            "[:then, 16, 29, 98, 29, 165]": 0,
            "[:else, 17, 29, 172, 29, 182]": 0
          },
          "[:if, 18, 29, 264, 29, 389]": {
            "[:then, 19, 29, 297, 29, 366]": 0,
            "[:else, 20, 29, 373, 29, 383]": 0
          },
          "[:if, 21, 29, 473, 29, 606]": {
            "[:then, 22, 29, 510, 29, 583]": 0,
            "[:else, 23, 29, 590, 29, 600]": 0
          },
          "[:if, 24, 29, 682, 29, 807]": {
            "[:then, 25, 29, 715, 29, 784]": 0,
            "[:else, 26, 29, 791, 29, 801]": 0
          },
          "[:if, 27, 29, 895, 29, 1032]": {
            "[:then, 28, 29, 934, 29, 1009]": 0,
            "[:else, 29, 29, 1016, 29, 1026]": 0
          },
          "[:if, 30, 29, 1120, 29, 1257]": {
            "[:then, 31, 29, 1159, 29, 1234]": 0,
            "[:else, 32, 29, 1241, 29, 1251]": 0
          }
        }
      },
      "/app/app/presenters/player_presenter.rb": {
        "lines": [
          null,
          null,
          1,
          6601,
          null,
          1,
          null,
          1649,
          null,
          null,
          null,
          null,
          null,
          null,
          null,
          null,
          null,
          null,
          null,
          null,
          1,
          1652,
          null,
          null,
          1,
          6608,
          null,
          null,
          1,
          1653,
          null,
          null,
          1,
          1653,
          null,
          null,
          1,
          1653,
          null,
          null,
          1,
          1652,
          1652,
          null,
          1647,
          null,
          null,
          1,
          null,
          1,
          3292,
          null,
          null,
          1,
          4819,
          null,
          null
        ],
        "branches": {
          "[:if, 0, 22, 16, 22, 94]": {
            "[:then, 1, 22, 56, 22, 71]": 19,
            "[:else, 2, 22, 74, 22, 94]": 1633
          },
          "[:if, 3, 26, 22, 26, 118]": {
            "[:then, 4, 26, 68, 26, 89]": 19,
            "[:else, 5, 26, 92, 26, 118]": 1642
          },
          "[:if, 6, 43, 4, 43, 31]": {
            "[:then, 7, 43, 4, 43, 12]": 5,
            "[:else, 8, 43, 4, 43, 31]": 1647
          },
          "[:if, 9, 4, 67, 4, 188]": {
            "[:then, 10, 4, 98, 4, 165]": 0,
            "[:else, 11, 4, 172, 4, 182]": 0
          },
          "[:if, 12, 4, 264, 4, 389]": {
            "[:then, 13, 4, 297, 4, 366]": 0,
            "[:else, 14, 4, 373, 4, 383]": 0
          },
          "[:if, 15, 4, 477, 4, 614]": {
            "[:then, 16, 4, 516, 4, 591]": 0,
            "[:else, 17, 4, 598, 4, 608]": 0
          },
          "[:if, 18, 4, 702, 4, 839]": {
            "[:then, 19, 4, 741, 4, 816]": 0,
            "[:else, 20, 4, 823, 4, 833]": 0
          }
        }
      },
      "/app/app/presenters/round_presenter.rb": {
        "lines": [
          null,
          null,
          1,
          253,
          null,
          1,
          null,
          41,
          null,
          null,
          null,
          null,
          null,
          null,
          null,
          null,
          null,
          null,
          null,
          1,
          43,
          null,
          null,
          1,
          0,
          null,
          null,
          1,
          44,
          null,
          null,
          1,
          0,
          null,
          null,
          1,
          44,
          null,
          null,
          1,
          null,
          1,
          52,
          null,
          null,
          1,
          53,
          null,
          null,
          1,
          73,
          null,
          null
        ],
        "branches": {
          "[:if, 0, 4, 67, 4, 188]": {
            "[:then, 1, 4, 98, 4, 165]": 0,
            "[:else, 2, 4, 172, 4, 182]": 0
          },
          "[:if, 3, 4, 264, 4, 389]": {
            "[:then, 4, 4, 297, 4, 366]": 0,
            "[:else, 5, 4, 373, 4, 383]": 0
          },
          "[:if, 6, 4, 477, 4, 614]": {
            "[:then, 7, 4, 516, 4, 591]": 0,
            "[:else, 8, 4, 598, 4, 608]": 0
          },
          "[:if, 9, 4, 712, 4, 859]": {
            "[:then, 10, 4, 756, 4, 836]": 0,
            "[:else, 11, 4, 843, 4, 853]": 0
          },
          "[:if, 12, 4, 947, 4, 1084]": {
            "[:then, 13, 4, 986, 4, 1061]": 0,
            "[:else, 14, 4, 1068, 4, 1078]": 0
          },
          "[:if, 15, 4, 1172, 4, 1309]": {
            "[:then, 16, 4, 1211, 4, 1286]": 0,
            "[:else, 17, 4, 1293, 4, 1303]": 0
          }
        }
      },
      "/app/app/presenters/team_presenter.rb": {
        "lines": [
          null,
          null,
          1,
          2351,
          null,
          1,
          null,
          469,
          null,
          null,
          null,
          null,
          null,
          null,
          null,
          null,
          null,
          1,
          471,
          null,
          null,
          1,
          472,
          null,
          null,
          1,
          null,
          1,
          1031,
          null,
          null,
          1,
          2068,
          null,
          null
        ],
        "branches": {
          "[:if, 0, 4, 67, 4, 188]": {
            "[:then, 1, 4, 98, 4, 165]": 0,
            "[:else, 2, 4, 172, 4, 182]": 0
          },
          "[:if, 3, 4, 264, 4, 389]": {
            "[:then, 4, 4, 297, 4, 366]": 0,
            "[:else, 5, 4, 373, 4, 383]": 0
          },
          "[:if, 6, 4, 473, 4, 606]": {
            "[:then, 7, 4, 510, 4, 583]": 0,
            "[:else, 8, 4, 590, 4, 600]": 0
          },
          "[:if, 9, 4, 694, 4, 831]": {
            "[:then, 10, 4, 733, 4, 808]": 0,
            "[:else, 11, 4, 815, 4, 825]": 0
          },
          "[:if, 12, 4, 919, 4, 1056]": {
            "[:then, 13, 4, 958, 4, 1033]": 0,
            "[:else, 14, 4, 1040, 4, 1050]": 0
          }
        }
      },
      "/app/app/queries/championships/collection_query.rb": {
        "lines": [
          null,
          null,
          1,
          1,
          1,
          47,
          47,
          47,
          47,
          47,
          null,
          null,
          1,
          47,
          null,
          null,
          47,
          null,
          null,
          null,
          47,
          9,
          9,
          null,
          null,
          9,
          8,
          null,
          null,
          null,
          null,
          9,
          2,
          2,
          null,
          null,
          9,
          8,
          null,
          1,
          null,
          null,
          null,
          null,
          null,
          47,
          14,
          14,
          null,
          null,
          47,
          null,
          null,
          1,
          null,
          1,
          null,
          1,
          1,
          1,
          1,
          1,
          null,
          1,
          2,
          1,
          null,
          1,
          1,
          null,
          null,
          null,
          null,
          1,
          1,
          null,
          0,
          null,
          null,
          null,
          null
        ],
        "branches": {
          "[:if, 0, 17, 6, 17, 63]": {
            "[:then, 1, 17, 6, 17, 43]": 26,
            "[:else, 2, 17, 6, 17, 63]": 21
          },
          "[:if, 3, 21, 6, 42, 9]": {
            "[:then, 4, 22, 8, 41, 11]": 9,
            "[:else, 5, 21, 6, 42, 9]": 38
          },
          "[:if, 6, 26, 8, 28, 11]": {
            "[:then, 7, 27, 10, 27, 37]": 8,
            "[:else, 8, 26, 8, 28, 11]": 1
          },
          "[:if, 9, 32, 8, 35, 11]": {
            "[:then, 10, 33, 10, 34, 95]": 2,
            "[:else, 11, 32, 8, 35, 11]": 7
          },
          "[:if, 12, 37, 8, 41, 11]": {
            "[:then, 13, 38, 10, 38, 47]": 8,
            "[:else, 14, 40, 10, 40, 58]": 1
          },
          "[:if, 15, 46, 6, 49, 9]": {
            "[:then, 16, 47, 8, 48, 52]": 14,
            "[:else, 17, 46, 6, 49, 9]": 33
          },
          "[:if, 18, 65, 10, 70, 13]": {
            "[:then, 19, 66, 12, 66, 30]": 1,
            "[:else, 20, 68, 12, 69, 35]": 1
          },
          "[:if, 21, 74, 6, 78, 9]": {
            "[:then, 22, 75, 8, 75, 37]": 1,
            "[:else, 23, 77, 8, 77, 51]": 0
          }
        }
      },
      "/app/app/queries/application_query.rb": {
        "lines": [
          null,
          null,
          1,
          1,
          1781,
          null,
          null
        ],
        "branches": {}
      },
      "/app/app/queries/championships/find_query.rb": {
        "lines": [
          null,
          null,
          1,
          1,
          1,
          13,
          13,
          13,
          null,
          null,
          1,
          13,
          null,
          null,
          null,
          null,
          null,
          null,
          1,
          null,
          1,
          null,
          null
        ],
        "branches": {}
      },
      "/app/app/queries/matches/collection_query.rb": {
        "lines": [
          null,
          null,
          1,
          1,
          1,
          40,
          40,
          40,
          40,
          40,
          null,
          null,
          1,
          40,
          null,
          null,
          40,
          null,
          null,
          40,
          6,
          null,
          null,
          34,
          null,
          null,
          null,
          40,
          13,
          13,
          null,
          null,
          40,
          null,
          null,
          1,
          null,
          1,
          null,
          1,
          6,
          6,
          7,
          7,
          null,
          7,
          8,
          7,
          null,
          1,
          1,
          null,
          null,
          null,
          null,
          6,
          6,
          null,
          0,
          null,
          null,
          null,
          null
        ],
        "branches": {
          "[:if, 0, 17, 6, 17, 110]": {
            "[:then, 1, 17, 6, 17, 90]": 18,
            "[:else, 2, 17, 6, 17, 110]": 22
          },
          "[:if, 3, 20, 6, 25, 9]": {
            "[:then, 4, 21, 8, 21, 47]": 6,
            "[:else, 5, 24, 8, 24, 97]": 34
          },
          "[:if, 6, 28, 6, 31, 9]": {
            "[:then, 7, 29, 8, 30, 52]": 13,
            "[:else, 8, 28, 6, 31, 9]": 27
          },
          "[:if, 9, 47, 10, 52, 13]": {
            "[:then, 10, 48, 12, 48, 30]": 7,
            "[:else, 11, 50, 12, 51, 35]": 1
          },
          "[:if, 12, 56, 6, 60, 9]": {
            "[:then, 13, 57, 8, 57, 37]": 6,
            "[:else, 14, 59, 8, 59, 51]": 0
          }
        }
      },
      "/app/app/queries/matches/find_query.rb": {
        "lines": [
          null,
          null,
          1,
          1,
          1,
          8,
          8,
          null,
          null,
          1,
          8,
          null,
          null,
          1,
          null,
          1,
          null,
          null
        ],
        "branches": {}
      },
      "/app/app/queries/player_stats/collection_query.rb": {
        "lines": [
          null,
          null,
          1,
          1,
          1,
          75,
          75,
          75,
          75,
          75,
          null,
          null,
          1,
          75,
          null,
          null,
          75,
          44,
          null,
          null,
          null,
          null,
          75,
          19,
          null,
          56,
          null,
          null,
          null,
          75,
          26,
          26,
          null,
          null,
          75,
          null,
          null,
          1,
          null,
          1,
          null,
          1,
          19,
          19,
          33,
          33,
          null,
          33,
          43,
          33,
          null,
          10,
          10,
          null,
          null,
          null,
          null,
          19,
          19,
          null,
          0,
          null,
          null,
          null,
          null
        ],
        "branches": {
          "[:if, 0, 17, 6, 20, 9]": {
            "[:then, 1, 18, 8, 19, 65]": 44,
            "[:else, 2, 17, 6, 20, 9]": 31
          },
          "[:if, 3, 23, 6, 27, 9]": {
            "[:then, 4, 24, 8, 24, 47]": 19,
            "[:else, 5, 26, 8, 26, 54]": 56
          },
          "[:if, 6, 30, 6, 33, 9]": {
            "[:then, 7, 31, 8, 32, 52]": 26,
            "[:else, 8, 30, 6, 33, 9]": 49
          },
          "[:if, 9, 49, 10, 54, 13]": {
            "[:then, 10, 50, 12, 50, 30]": 33,
            "[:else, 11, 52, 12, 53, 35]": 10
          },
          "[:if, 12, 58, 6, 62, 9]": {
            "[:then, 13, 59, 8, 59, 37]": 19,
            "[:else, 14, 61, 8, 61, 51]": 0
          }
        }
      },
      "/app/app/queries/players/collection_query.rb": {
        "lines": [
          null,
          null,
          1,
          1,
          1,
          34,
          34,
          34,
          34,
          34,
          null,
          null,
          1,
          34,
          34,
          null,
          null,
          34,
          16,
          null,
          null,
          null,
          null,
          null,
          34,
          6,
          null,
          null,
          28,
          null,
          null,
          34,
          null,
          null,
          34,
          12,
          12,
          null,
          null,
          34,
          null,
          null,
          1,
          null,
          1,
          null,
          1,
          6,
          6,
          7,
          7,
          null,
          7,
          8,
          7,
          null,
          1,
          1,
          null,
          null,
          null,
          null,
          6,
          6,
          null,
          0,
          null,
          null,
          null,
          null
        ],
        "branches": {
          "[:if, 0, 15, 6, 15, 80]": {
            "[:then, 1, 15, 6, 15, 52]": 10,
            "[:else, 2, 15, 6, 15, 80]": 24
          },
          "[:if, 3, 18, 6, 22, 9]": {
            "[:then, 4, 19, 8, 21, 31]": 16,
            "[:else, 5, 18, 6, 22, 9]": 18
          },
          "[:if, 6, 25, 6, 30, 9]": {
            "[:then, 7, 26, 8, 26, 47]": 6,
            "[:else, 8, 29, 8, 29, 54]": 28
          },
          "[:if, 9, 35, 6, 38, 9]": {
            "[:then, 10, 36, 8, 37, 52]": 12,
            "[:else, 11, 35, 6, 38, 9]": 22
          },
          "[:if, 12, 54, 10, 59, 13]": {
            "[:then, 13, 55, 12, 55, 30]": 7,
            "[:else, 14, 57, 12, 58, 35]": 1
          },
          "[:if, 15, 63, 6, 67, 9]": {
            "[:then, 16, 64, 8, 64, 37]": 6,
            "[:else, 17, 66, 8, 66, 51]": 0
          }
        }
      },
      "/app/app/queries/rounds/collection_query.rb": {
        "lines": [
          null,
          null,
          1,
          1,
          1,
          43,
          43,
          43,
          43,
          43,
          null,
          null,
          1,
          43,
          null,
          null,
          43,
          null,
          null,
          null,
          43,
          12,
          null,
          null,
          31,
          null,
          null,
          null,
          43,
          14,
          14,
          null,
          null,
          43,
          null,
          null,
          1,
          null,
          1,
          null,
          1,
          12,
          12,
          15,
          15,
          null,
          15,
          18,
          15,
          null,
          3,
          3,
          null,
          null,
          null,
          null,
          12,
          12,
          null,
          0,
          null,
          null,
          null,
          null
        ],
        "branches": {
          "[:if, 0, 17, 6, 17, 103]": {
            "[:then, 1, 17, 6, 17, 83]": 21,
            "[:else, 2, 17, 6, 17, 103]": 22
          },
          "[:if, 3, 21, 6, 26, 9]": {
            "[:then, 4, 22, 8, 22, 47]": 12,
            "[:else, 5, 25, 8, 25, 55]": 31
          },
          "[:if, 6, 29, 6, 32, 9]": {
            "[:then, 7, 30, 8, 31, 52]": 14,
            "[:else, 8, 29, 6, 32, 9]": 29
          },
          "[:if, 9, 48, 10, 53, 13]": {
            "[:then, 10, 49, 12, 49, 30]": 15,
            "[:else, 11, 51, 12, 52, 35]": 3
          },
          "[:if, 12, 57, 6, 61, 9]": {
            "[:then, 13, 58, 8, 58, 37]": 12,
            "[:else, 14, 60, 8, 60, 51]": 0
          }
        }
      },
      "/app/app/queries/rounds/find_query.rb": {
        "lines": [
          null,
          null,
          1,
          1,
          1,
          8,
          8,
          null,
          null,
          1,
          8,
          null,
          null,
          1,
          null,
          1,
          null,
          null
        ],
        "branches": {}
      },
      "/app/app/queries/teams/collection_query.rb": {
        "lines": [
          null,
          null,
          1,
          1,
          1,
          56,
          56,
          56,
          56,
          56,
          null,
          null,
          1,
          56,
          null,
          null,
          56,
          null,
          null,
          null,
          56,
          10,
          null,
          null,
          46,
          null,
          null,
          null,
          56,
          21,
          21,
          null,
          null,
          56,
          null,
          null,
          1,
          null,
          1,
          null,
          1,
          10,
          10,
          11,
          11,
          null,
          11,
          14,
          11,
          null,
          3,
          3,
          null,
          null,
          null,
          null,
          10,
          10,
          null,
          0,
          null,
          null,
          null,
          null
        ],
        "branches": {
          "[:if, 0, 17, 6, 17, 110]": {
            "[:then, 1, 17, 6, 17, 90]": 35,
            "[:else, 2, 17, 6, 17, 110]": 21
          },
          "[:if, 3, 21, 6, 26, 9]": {
            "[:then, 4, 22, 8, 22, 47]": 10,
            "[:else, 5, 25, 8, 25, 65]": 46
          },
          "[:if, 6, 29, 6, 32, 9]": {
            "[:then, 7, 30, 8, 31, 52]": 21,
            "[:else, 8, 29, 6, 32, 9]": 35
          },
          "[:if, 9, 48, 10, 53, 13]": {
            "[:then, 10, 49, 12, 49, 30]": 11,
            "[:else, 11, 51, 12, 52, 35]": 3
          },
          "[:if, 12, 57, 6, 61, 9]": {
            "[:then, 13, 58, 8, 58, 37]": 10,
            "[:else, 14, 60, 8, 60, 51]": 0
          }
        }
      },
      "/app/app/queries/teams/find_query.rb": {
        "lines": [
          null,
          null,
          1,
          1,
          1,
          8,
          8,
          null,
          null,
          1,
          8,
          null,
          null,
          1,
          null,
          1,
          null,
          null
        ],
        "branches": {}
      },
      "/app/app/serializers/player_serializer.rb": {
        "lines": [
          null,
          null,
          1,
          1,
          null,
          7520,
          null,
          null,
          null,
          null
        ],
        "branches": {}
      },
      "/app/app/serializers/application_serializer.rb": {
        "lines": [
          null,
          null,
          1,
          1,
          null,
          1,
          14347,
          null,
          null,
          1,
          null,
          1,
          null
        ],
        "branches": {}
      },
      "/app/app/serializers/player_stat_serializer.rb": {
        "lines": [
          null,
          null,
          1,
          1,
          null,
          3249,
          null,
          null,
          null,
          null,
          null,
          null,
          null,
          null,
          null,
          null,
          null,
          null
        ],
        "branches": {}
      },
      "/app/app/serializers/round_serializer.rb": {
        "lines": [
          null,
          null,
          1,
          1,
          null,
          1658,
          null,
          null,
          null,
          null,
          null,
          null,
          null,
          null
        ],
        "branches": {}
      },
      "/app/app/serializers/team_serializer.rb": {
        "lines": [
          null,
          null,
          1,
          1,
          1920,
          null,
          null,
          1730,
          null,
          null,
          null,
          null,
          null
        ],
        "branches": {
          "[:if, 0, 5, 4, 5, 29]": {
            "[:then, 1, 5, 4, 5, 10]": 190,
            "[:else, 2, 5, 4, 5, 29]": 1730
          }
        }
      },
      "/app/app/services/matches/finalize.rb": {
        "lines": [
          null,
          null,
          1,
          1,
          1,
          13,
          null,
          null,
          1,
          13,
          13,
          null,
          13,
          13,
          3,
          10,
          7,
          null,
          3,
          null,
          null,
          13,
          null,
          null,
          null,
          null,
          13,
          null,
          null,
          1,
          null,
          1,
          null,
          1,
          26,
          null,
          25,
          25,
          25,
          1,
          null,
          24,
          null,
          null,
          25,
          null,
          null,
          null
        ],
        "branches": {
          "[:if, 0, 14, 24, 20, 27]": {
            "[:then, 1, 15, 26, 15, 29]": 3,
            "[:else, 2, 16, 24, 19, 41]": 10
          },
          "[:if, 3, 16, 24, 19, 41]": {
            "[:then, 4, 17, 26, 17, 41]": 7,
            "[:else, 5, 19, 26, 19, 41]": 3
          },
          "[:if, 6, 35, 6, 35, 29]": {
            "[:then, 7, 35, 6, 35, 14]": 1,
            "[:else, 8, 35, 6, 35, 29]": 25
          },
          "[:if, 9, 39, 27, 43, 30]": {
            "[:then, 10, 40, 29, 40, 30]": 1,
            "[:else, 11, 42, 29, 42, 106]": 24
          }
        }
      },
      "/app/app/services/application_service.rb": {
        "lines": [
          null,
          null,
          1,
          1,
          899,
          null,
          null
        ],
        "branches": {}
      },
      "/app/app/services/player_stats/bulk_upsert.rb": {
        "lines": [
          null,
          null,
          1,
          1,
          1,
          null,
          1,
          21,
          21,
          null,
          null,
          1,
          21,
          14,
          14,
          14,
          25,
          null,
          null,
          null,
          14,
          null,
          null,
          1,
          null,
          1,
          null,
          1,
          null,
          25,
          25,
          null,
          null,
          null,
          1,
          21,
          32,
          32,
          32,
          32,
          32,
          32,
          3,
          null,
          null,
          null,
          47,
          18,
          53,
          53,
          24,
          null,
          4,
          null,
          null,
          null,
          null
        ],
        "branches": {
          "[:if, 0, 30, 19, 30, 105]": {
            "[:then, 1, 30, 45, 30, 71]": 24,
            "[:else, 2, 30, 74, 30, 105]": 1
          },
          "[:if, 3, 37, 12, 37, 44]": {
            "[:then, 4, 37, 30, 37, 33]": 31,
            "[:else, 5, 37, 36, 37, 44]": 1
          },
          "[:if, 6, 42, 8, 44, 11]": {
            "[:then, 7, 43, 10, 43, 128]": 3,
            "[:else, 8, 42, 8, 44, 11]": 29
          },
          "[:if, 9, 47, 42, 47, 74]": {
            "[:then, 10, 47, 60, 47, 63]": 28,
            "[:else, 11, 47, 66, 47, 74]": 1
          },
          "[:if, 12, 49, 38, 49, 64]": {
            "[:then, 13, 49, 54, 49, 55]": 28,
            "[:else, 14, 49, 58, 49, 64]": 1
          },
          "[:if, 15, 50, 40, 50, 66]": {
            "[:then, 16, 50, 56, 50, 57]": 28,
            "[:else, 17, 50, 60, 50, 66]": 1
          },
          "[:if, 18, 51, 8, 51, 44]": {
            "[:then, 19, 51, 8, 51, 12]": 20,
            "[:else, 20, 51, 8, 51, 44]": 4
          }
        }
      },
      "/app/app/services/players/add_to_round.rb": {
        "lines": [
          null,
          null,
          1,
          1,
          1,
          7,
          7,
          null,
          null,
          1,
          7,
          7,
          7,
          null,
          null,
          1,
          null,
          1,
          null,
          null
        ],
        "branches": {
          "[:unless, 0, 12, 6, 12, 67]": {
            "[:else, 1, 12, 6, 12, 67]": 4,
            "[:then, 2, 12, 6, 12, 28]": 3
          }
        }
      },
      "/app/app/services/players/add_to_team.rb": {
        "lines": [
          null,
          null,
          1,
          1,
          1,
          7,
          7,
          null,
          null,
          1,
          7,
          7,
          7,
          null,
          null,
          1,
          null,
          1,
          null,
          null
        ],
        "branches": {
          "[:unless, 0, 12, 6, 12, 63]": {
            "[:else, 1, 12, 6, 12, 63]": 4,
            "[:then, 2, 12, 6, 12, 26]": 3
          }
        }
      },
      "/app/app/services/players/match_statistics.rb": {
        "lines": [
          null,
          null,
          1,
          1,
          1,
          12,
          12,
          12,
          12,
          null,
          null,
          1,
          null,
          12,
          null,
          null,
          null,
          null,
          null,
          null,
          1,
          null,
          1,
          null,
          1,
          36,
          null,
          null,
          1,
          12,
          null,
          9,
          null,
          null,
          null
        ],
        "branches": {
          "[:unless, 0, 30, 6, 30, 51]": {
            "[:else, 1, 30, 6, 30, 51]": 9,
            "[:then, 2, 30, 6, 30, 14]": 3
          }
        }
      },
      "/app/app/services/round_statistics.rb": {
        "lines": [
          null,
          null,
          1,
          1,
          11,
          null,
          null,
          1,
          11,
          11,
          11,
          null,
          11,
          null,
          null,
          10,
          10,
          null,
          null,
          10,
          10,
          19,
          19,
          null,
          null,
          19,
          null,
          19,
          null,
          null,
          null,
          null,
          null,
          null,
          null,
          null,
          null,
          null,
          null,
          null,
          null,
          null,
          null,
          10,
          null,
          null,
          1,
          null,
          1,
          null,
          1,
          19,
          19,
          19,
          null,
          19,
          null,
          73,
          32,
          null,
          null,
          26,
          7,
          19,
          9,
          null,
          10,
          null,
          null,
          null,
          19,
          null,
          null
        ],
        "branches": {
          "[:if, 0, 13, 4, 13, 34]": {
            "[:then, 1, 13, 4, 13, 13]": 1,
            "[:else, 2, 13, 4, 13, 34]": 10
          },
          "[:unless, 3, 59, 6, 59, 22]": {
            "[:else, 4, 59, 6, 59, 22]": 26,
            "[:then, 5, 59, 6, 59, 10]": 6
          },
          "[:if, 6, 62, 6, 68, 9]": {
            "[:then, 7, 63, 8, 63, 18]": 7,
            "[:else, 8, 64, 6, 67, 19]": 19
          },
          "[:if, 9, 64, 6, 67, 19]": {
            "[:then, 10, 65, 8, 65, 17]": 9,
            "[:else, 11, 67, 8, 67, 19]": 10
          }
        }
      },
      "/app/app/services/round_team_generator.rb": {
        "lines": [
          null,
          null,
          1,
          1,
          null,
          1,
          null,
          1,
          152,
          null,
          null,
          1,
          152,
          152,
          null,
          null,
          1,
          152,
          null,
          152,
          152,
          null,
          152,
          152,
          152,
          152,
          null,
          null,
          null,
          1,
          null,
          1,
          null,
          1,
          152,
          null,
          null,
          1,
          152,
          null,
          152,
          152,
          null,
          115,
          115,
          229,
          229,
          229,
          229,
          null,
          null,
          null,
          1,
          152,
          152,
          152,
          null,
          null,
          1,
          152,
          null,
          152,
          152,
          null,
          152,
          null,
          152,
          null,
          152,
          152,
          152,
          null,
          152,
          228,
          228,
          null,
          null,
          0,
          0,
          0,
          null,
          null,
          null,
          null,
          1,
          152,
          152,
          null,
          152,
          152,
          null,
          152,
          152,
          null,
          152,
          null,
          null,
          1,
          152,
          152,
          null,
          152,
          152,
          null,
          152,
          152,
          null,
          152,
          0,
          null,
          null,
          null,
          1,
          229,
          229,
          0,
          0,
          null,
          229,
          null,
          null
        ],
        "branches": {
          "[:if, 0, 18, 4, 18, 26]": {
            "[:then, 1, 18, 4, 18, 10]": 0,
            "[:else, 2, 18, 4, 18, 26]": 152
          },
          "[:unless, 3, 39, 4, 39, 33]": {
            "[:else, 4, 39, 4, 39, 33]": 152,
            "[:then, 5, 39, 4, 39, 10]": 0
          },
          "[:if, 6, 42, 4, 42, 26]": {
            "[:then, 7, 42, 4, 42, 10]": 37,
            "[:else, 8, 42, 4, 42, 26]": 115
          },
          "[:if, 9, 60, 4, 60, 28]": {
            "[:then, 10, 60, 4, 60, 10]": 0,
            "[:else, 11, 60, 4, 60, 28]": 152
          },
          "[:if, 12, 63, 4, 63, 26]": {
            "[:then, 13, 63, 4, 63, 10]": 0,
            "[:else, 14, 63, 4, 63, 26]": 152
          },
          "[:\"&.\", 15, 67, 27, 67, 46]": {
            "[:then, 16, 67, 27, 67, 46]": 152,
            "[:else, 17, 67, 27, 67, 46]": 0
          },
          "[:\"&.\", 18, 67, 27, 67, 68]": {
            "[:then, 19, 67, 27, 67, 68]": 152,
            "[:else, 20, 67, 27, 67, 68]": 0
          },
          "[:if, 21, 69, 4, 82, 7]": {
            "[:then, 22, 70, 6, 76, 9]": 152,
            "[:else, 23, 78, 6, 81, 9]": 0
          },
          "[:\"&.\", 24, 86, 19, 86, 38]": {
            "[:then, 25, 86, 19, 86, 38]": 152,
            "[:else, 26, 86, 19, 86, 38]": 0
          },
          "[:unless, 27, 87, 4, 87, 39]": {
            "[:else, 28, 87, 4, 87, 39]": 152,
            "[:then, 29, 87, 4, 87, 10]": 0
          },
          "[:unless, 30, 90, 4, 90, 36]": {
            "[:else, 31, 90, 4, 90, 36]": 152,
            "[:then, 32, 90, 4, 90, 10]": 0
          },
          "[:unless, 33, 93, 4, 93, 42]": {
            "[:else, 34, 93, 4, 93, 42]": 152,
            "[:then, 35, 93, 4, 93, 10]": 0
          },
          "[:\"&.\", 36, 99, 19, 99, 38]": {
            "[:then, 37, 99, 19, 99, 38]": 152,
            "[:else, 38, 99, 19, 99, 38]": 0
          },
          "[:unless, 39, 100, 4, 100, 39]": {
            "[:else, 40, 100, 4, 100, 39]": 152,
            "[:then, 41, 100, 4, 100, 10]": 0
          },
          "[:if, 42, 103, 4, 103, 30]": {
            "[:then, 43, 103, 4, 103, 10]": 0,
            "[:else, 44, 103, 4, 103, 30]": 152
          },
          "[:if, 45, 108, 4, 110, 7]": {
            "[:then, 46, 109, 6, 109, 101]": 0,
            "[:else, 47, 108, 4, 110, 7]": 152
          },
          "[:while, 48, 115, 4, 118, 7]": {
            "[:body, 49, 116, 6, 117, 36]": 0
          }
        }
      },
      "/app/app/services/users/sync_from_identity_service.rb": {
        "lines": [
          null,
          null,
          1,
          1,
          1,
          21,
          null,
          null,
          1,
          21,
          null,
          20,
          20,
          null,
          19,
          null,
          null,
          19,
          19,
          19,
          17,
          17,
          17,
          null,
          null,
          null,
          19,
          null,
          19,
          null,
          0,
          0,
          0,
          null,
          null,
          1,
          null,
          1,
          null,
          1,
          null,
          19,
          15,
          14,
          null,
          14,
          null,
          null,
          null
        ],
        "branches": {
          "[:unless, 0, 10, 6, 10, 51]": {
            "[:else, 1, 10, 6, 10, 51]": 20,
            "[:then, 2, 10, 6, 10, 16]": 1
          },
          "[:unless, 3, 13, 6, 13, 44]": {
            "[:else, 4, 13, 6, 13, 44]": 19,
            "[:then, 5, 13, 6, 13, 16]": 1
          },
          "[:if, 6, 20, 4, 24, 7]": {
            "[:then, 7, 21, 6, 23, 43]": 17,
            "[:else, 8, 20, 4, 24, 7]": 2
          },
          "[:if, 9, 27, 6, 27, 33]": {
            "[:then, 10, 27, 6, 27, 16]": 19,
            "[:else, 11, 27, 6, 27, 33]": 0
          },
          "[:if, 12, 42, 6, 42, 72]": {
            "[:then, 13, 42, 6, 42, 17]": 4,
            "[:else, 14, 42, 6, 42, 72]": 15
          },
          "[:if, 15, 43, 6, 43, 70]": {
            "[:then, 16, 43, 6, 43, 17]": 1,
            "[:else, 17, 43, 6, 43, 70]": 14
          },
          "[:\"&.\", 18, 44, 21, 44, 53]": {
            "[:then, 19, 44, 21, 44, 53]": 0,
            "[:else, 20, 44, 21, 44, 53]": 14
          },
          "[:\"&.\", 21, 44, 57, 44, 88]": {
            "[:then, 22, 44, 57, 44, 88]": 0,
            "[:else, 23, 44, 57, 44, 88]": 14
          },
          "[:if, 24, 44, 6, 44, 88]": {
            "[:then, 25, 44, 6, 44, 17]": 0,
            "[:else, 26, 44, 6, 44, 88]": 14
          }
        }
      },
      "/app/app/services/championships/update_players_count.rb": {
        "lines": [
          null,
          null,
          1,
          1,
          1,
          807,
          null,
          null,
          1,
          807,
          807,
          null,
          null,
          807,
          807,
          null,
          null,
          null,
          null,
          null,
          null,
          1,
          null,
          1,
          null,
          null
        ],
        "branches": {
          "[:unless, 0, 10, 6, 10, 41]": {
            "[:else, 1, 10, 6, 10, 41]": 807,
            "[:then, 2, 10, 6, 10, 12]": 0
          },
          "[:if, 3, 11, 6, 11, 79]": {
            "[:then, 4, 11, 6, 11, 12]": 0,
            "[:else, 5, 11, 6, 11, 79]": 807
          }
        }
      },
      "/app/lib/identity_service_client.rb": {
        "lines": [
          1,
          1,
          null,
          1,
          1,
          1,
          0,
          null,
          0,
          0,
          null,
          0,
          null,
          null,
          null,
          null,
          null,
          null,
          null,
          0,
          null,
          0,
          null,
          null,
          null,
          0,
          null,
          null,
          0,
          0,
          null,
          null,
          1,
          0,
          0,
          null,
          0,
          null,
          null,
          null,
          null,
          null,
          null,
          0,
          null,
          0,
          0,
          null,
          null,
          1,
          null,
          1,
          0,
          null,
          null,
          1,
          0,
          null,
          null,
          null
        ],
        "branches": {
          "[:if, 0, 7, 6, 7, 70]": {
            "[:then, 1, 7, 6, 7, 54]": 0,
            "[:else, 2, 7, 6, 7, 70]": 0
          },
          "[:if, 3, 10, 6, 10, 102]": {
            "[:then, 4, 10, 6, 10, 71]": 0,
            "[:else, 5, 10, 6, 10, 102]": 0
          },
          "[:if, 6, 20, 6, 27, 9]": {
            "[:then, 7, 21, 8, 24, 9]": 0,
            "[:else, 8, 26, 8, 26, 78]": 0
          },
          "[:if, 9, 35, 6, 35, 47]": {
            "[:then, 10, 35, 6, 35, 16]": 0,
            "[:else, 11, 35, 6, 35, 47]": 0
          },
          "[:if, 12, 44, 6, 44, 56]": {
            "[:then, 13, 44, 27, 44, 50]": 0,
            "[:else, 14, 44, 6, 44, 56]": 0
          }
        }
      },
      "/app/app/presenters/match_statistics_presenter.rb": {
        "lines": [
          null,
          null,
          1,
          1,
          null,
          1844,
          null,
          null,
          null,
          null,
          1,
          null,
          4912,
          null,
          null,
          null,
          null,
          null,
          null,
          1,
          null,
          1,
          8600,
          null,
          8600,
          null,
          null,
          1,
          8600,
          null,
          8600,
          null,
          null,
          1,
          14736,
          null,
          14736,
          76332,
          4536,
          9072,
          null,
          null,
          1,
          31936,
          31936,
          null,
          null
        ],
        "branches": {
          "[:if, 0, 23, 4, 23, 27]": {
            "[:then, 1, 23, 4, 23, 12]": 0,
            "[:else, 2, 23, 4, 23, 27]": 8600
          },
          "[:if, 3, 29, 4, 29, 27]": {
            "[:then, 4, 29, 4, 29, 12]": 0,
            "[:else, 5, 29, 4, 29, 27]": 8600
          },
          "[:if, 6, 35, 4, 35, 28]": {
            "[:then, 7, 35, 4, 35, 13]": 0,
            "[:else, 8, 35, 4, 35, 28]": 14736
          }
        }
      },
      "/app/app/queries/matches/player_stats_query.rb": {
        "lines": [
          null,
          null,
          1,
          1,
          1,
          1281,
          1281,
          null,
          null,
          1,
          1281,
          null,
          1281,
          null,
          null,
          null,
          1,
          null,
          1,
          null,
          null
        ],
        "branches": {
          "[:if, 0, 11, 6, 11, 43]": {
            "[:then, 1, 11, 6, 11, 28]": 0,
            "[:else, 2, 11, 6, 11, 43]": 1281
          }
        }
      },
      "/app/app/queries/teams/matches_query.rb": {
        "lines": [
          null,
          null,
          1,
          1,
          1,
          480,
          null,
          null,
          1,
          480,
          null,
          null,
          null,
          1,
          null,
          1,
          null,
          null
        ],
        "branches": {}
      },
      "/app/app/controllers/api/v1/auth_controller.rb": {
        "lines": [
          null,
          null,
          0,
          0,
          0,
          0,
          0,
          0,
          0,
          0,
          0,
          null,
          0,
          0,
          0,
          0,
          0,
          0,
          null,
          0,
          null,
          0,
          0,
          null,
          0,
          0,
          0,
          0,
          0,
          0,
          0,
          0
        ],
        "branches": {}
      },
      "/app/app/controllers/users/sessions_controller.rb": {
        "lines": [
          null,
          null,
          0,
          0,
          0,
          null,
          null,
          0,
          0,
          0,
          null,
          0,
          null,
          null,
          0,
          null,
          0,
          null,
          null,
          0,
          0,
          0,
          0,
          0,
          0,
          null,
          0,
          0,
          0,
          0,
          0,
          0,
          0,
          0,
          0,
          0,
          0,
          0,
          0,
          0,
          0,
          0,
          0,
          0,
          0,
          0,
          null,
          null,
          0,
          null,
          null,
          0,
          0,
          null,
          0,
          null,
          0,
          0,
          0,
          0,
          0,
          0,
          0,
          0,
          0,
          0,
          null,
          0,
          null,
          null,
          null,
          null,
          null,
          null,
          null,
          null,
          null,
          null,
          null,
          0,
          0,
          0,
          0
        ],
        "branches": {}
      },
      "/app/app/jobs/application_job.rb": {
        "lines": [
          null,
          null,
          0,
          null,
          null,
          null,
          null,
          null,
          0
        ],
        "branches": {}
      },
      "/app/app/mailers/application_mailer.rb": {
        "lines": [
          null,
          null,
          0,
          0,
          0,
          0
        ],
        "branches": {}
      },
      "/app/app/policies/application_policy.rb": {
        "lines": [
          null,
          null,
          0,
          0,
          null,
          0,
          0,
          0,
          0,
          null,
          0,
          0,
          0,
          null,
          0,
          null,
          0,
          0,
          0,
          0
        ],
        "branches": {}
      },
      "/app/lib/circuit_breaker_service.rb": {
        "lines": [
          0,
          0,
          0,
          null,
          0,
          0,
          0,
          null,
          0,
          null,
          0,
          null,
          0,
          0,
          0,
          0,
          0,
          0,
          0,
          0,
          null,
          0,
          0,
          0,
          0,
          0,
          0,
          0,
          0,
          0,
          0,
          0,
          0,
          0,
          null,
          0,
          0,
          0,
          null,
          0,
          0,
          0,
          0,
          0,
          0,
          0,
          0,
          0,
          0,
          0,
          0,
          0
        ],
        "branches": {}
      },
      "/app/lib/consul_service.rb": {
        "lines": [
          0,
          null,
          0,
          0,
          0,
          0,
          null,
          0,
          0,
          0,
          null,
          0,
          0,
          0,
          null,
          0,
          0,
          0,
          0,
          0,
          0,
          0,
          0,
          0,
          0,
          0,
          0,
          0,
          null,
          0,
          0,
          0,
          0,
          0,
          null,
          0,
          0,
          null,
          0,
          0,
          0,
          0,
          0,
          null,
          0,
          0,
          null,
          0,
          0,
          null,
          null,
          0,
          0,
          0,
          0,
          0,
          0,
          null,
          0,
          null,
          0,
          0,
          0,
          null,
          0,
          0,
          0,
          0,
          0
        ],
        "branches": {}
      }
    },
    "timestamp": 1769735079
  }
}
